2020-04-20 17:34:01.497901 [info]: deal with the client(222.212.181.237)
2020-04-20 17:34:01.498024 [info]: adjust timer once
2020-04-20 17:34:01.498048 [info]: GET / HTTP/1.1
2020-04-20 17:34:01.498097 [info]: Host: www.swjtu.xyz:8000
2020-04-20 17:34:01.498104 [info]: Connection: keep-alive
2020-04-20 17:34:01.498110 [info]: Upgrade-Insecure-Requests: 1
2020-04-20 17:34:01.498116 [info]: oop!unknow header: Upgrade-Insecure-Requests: 1
2020-04-20 17:34:01.498137 [info]: User-Agent: Mozilla/5.0 (Windows NT 10.0; Win64; x64) AppleWebKit/537.36 (KHTML, like Gecko) Chrome/80.0.3987.163 Safari/537.36
2020-04-20 17:34:01.498144 [info]: oop!unknow header: User-Agent: Mozilla/5.0 (Windows NT 10.0; Win64; x64) AppleWebKit/537.36 (KHTML, like Gecko) Chrome/80.0.3987.163 Safari/537.36
2020-04-20 17:34:01.498150 [info]: Accept: text/html,application/xhtml+xml,application/xml;q=0.9,image/webp,image/apng,*/*;q=0.8,application/signed-exchange;v=b3;q=0.9
2020-04-20 17:34:01.498156 [info]: oop!unknow header: Accept: text/html,application/xhtml+xml,application/xml;q=0.9,image/webp,image/apng,*/*;q=0.8,application/signed-exchange;v=b3;q=0.9
2020-04-20 17:34:01.498161 [info]: Accept-Encoding: gzip, deflate
2020-04-20 17:34:01.498167 [info]: oop!unknow header: Accept-Encoding: gzip, deflate
2020-04-20 17:34:01.498172 [info]: Accept-Language: zh-CN,zh;q=0.9
2020-04-20 17:34:01.498177 [info]: oop!unknow header: Accept-Language: zh-CN,zh;q=0.9
2020-04-20 17:34:01.498183 [info]: 
2020-04-20 17:34:01.498233 [info]: request:HTTP/1.1 200 OK

2020-04-20 17:34:01.498243 [info]: request:HTTP/1.1 200 OK
Content-Length:586

2020-04-20 17:34:01.498253 [info]: request:HTTP/1.1 200 OK
Content-Length:586
Connection:keep-alive

2020-04-20 17:34:01.498258 [info]: request:HTTP/1.1 200 OK
Content-Length:586
Connection:keep-alive


2020-04-20 17:34:01.498321 [info]: send data to the client(222.212.181.237)
2020-04-20 17:34:01.498337 [info]: adjust timer once
2020-04-20 17:34:02.932823 [info]: deal with the client(222.212.181.237)
2020-04-20 17:34:02.932900 [info]: adjust timer once
2020-04-20 17:34:02.932920 [info]: POST /1 HTTP/1.1
2020-04-20 17:34:02.932980 [info]: Host: www.swjtu.xyz:8000
2020-04-20 17:34:02.932987 [info]: Connection: keep-alive
2020-04-20 17:34:02.932993 [info]: Content-Length: 0
2020-04-20 17:34:02.933006 [info]: Cache-Control: max-age=0
2020-04-20 17:34:02.933013 [info]: oop!unknow header: Cache-Control: max-age=0
2020-04-20 17:34:02.933019 [info]: Origin: http://www.swjtu.xyz:8000
2020-04-20 17:34:02.933024 [info]: oop!unknow header: Origin: http://www.swjtu.xyz:8000
2020-04-20 17:34:02.933030 [info]: Upgrade-Insecure-Requests: 1
2020-04-20 17:34:02.933036 [info]: oop!unknow header: Upgrade-Insecure-Requests: 1
2020-04-20 17:34:02.933041 [info]: Content-Type: application/x-www-form-urlencoded
2020-04-20 17:34:02.933047 [info]: oop!unknow header: Content-Type: application/x-www-form-urlencoded
2020-04-20 17:34:02.933053 [info]: User-Agent: Mozilla/5.0 (Windows NT 10.0; Win64; x64) AppleWebKit/537.36 (KHTML, like Gecko) Chrome/80.0.3987.163 Safari/537.36
2020-04-20 17:34:02.933059 [info]: oop!unknow header: User-Agent: Mozilla/5.0 (Windows NT 10.0; Win64; x64) AppleWebKit/537.36 (KHTML, like Gecko) Chrome/80.0.3987.163 Safari/537.36
2020-04-20 17:34:02.933066 [info]: Accept: text/html,application/xhtml+xml,application/xml;q=0.9,image/webp,image/apng,*/*;q=0.8,application/signed-exchange;v=b3;q=0.9
2020-04-20 17:34:02.933071 [info]: oop!unknow header: Accept: text/html,application/xhtml+xml,application/xml;q=0.9,image/webp,image/apng,*/*;q=0.8,application/signed-exchange;v=b3;q=0.9
2020-04-20 17:34:02.933077 [info]: Referer: http://www.swjtu.xyz:8000/
2020-04-20 17:34:02.933083 [info]: oop!unknow header: Referer: http://www.swjtu.xyz:8000/
2020-04-20 17:34:02.933088 [info]: Accept-Encoding: gzip, deflate
2020-04-20 17:34:02.933094 [info]: oop!unknow header: Accept-Encoding: gzip, deflate
2020-04-20 17:34:02.933099 [info]: Accept-Language: zh-CN,zh;q=0.9
2020-04-20 17:34:02.933105 [info]: oop!unknow header: Accept-Language: zh-CN,zh;q=0.9
2020-04-20 17:34:02.933122 [info]: 
2020-04-20 17:34:02.933157 [info]: request:HTTP/1.1 200 OK

2020-04-20 17:34:02.933164 [info]: request:HTTP/1.1 200 OK
Content-Length:725

2020-04-20 17:34:02.933175 [info]: request:HTTP/1.1 200 OK
Content-Length:725
Connection:keep-alive

2020-04-20 17:34:02.933180 [info]: request:HTTP/1.1 200 OK
Content-Length:725
Connection:keep-alive


2020-04-20 17:34:02.933258 [info]: send data to the client(222.212.181.237)
2020-04-20 17:34:02.933271 [info]: adjust timer once
2020-04-20 17:34:04.951311 [info]: timer tick
2020-04-20 17:34:05.773269 [info]: deal with the client(222.212.181.237)
2020-04-20 17:34:05.773357 [info]: adjust timer once
2020-04-20 17:34:05.773379 [info]: POST /2CGISQL.cgi HTTP/1.1
2020-04-20 17:34:05.773427 [info]: Host: www.swjtu.xyz:8000
2020-04-20 17:34:05.773433 [info]: Connection: keep-alive
2020-04-20 17:34:05.773449 [info]: Content-Length: 29
2020-04-20 17:34:05.773457 [info]: Cache-Control: max-age=0
2020-04-20 17:34:05.773462 [info]: oop!unknow header: Cache-Control: max-age=0
2020-04-20 17:34:05.773468 [info]: Origin: http://www.swjtu.xyz:8000
2020-04-20 17:34:05.773473 [info]: oop!unknow header: Origin: http://www.swjtu.xyz:8000
2020-04-20 17:34:05.773479 [info]: Upgrade-Insecure-Requests: 1
2020-04-20 17:34:05.773484 [info]: oop!unknow header: Upgrade-Insecure-Requests: 1
2020-04-20 17:34:05.773490 [info]: Content-Type: application/x-www-form-urlencoded
2020-04-20 17:34:05.773496 [info]: oop!unknow header: Content-Type: application/x-www-form-urlencoded
2020-04-20 17:34:05.773502 [info]: User-Agent: Mozilla/5.0 (Windows NT 10.0; Win64; x64) AppleWebKit/537.36 (KHTML, like Gecko) Chrome/80.0.3987.163 Safari/537.36
2020-04-20 17:34:05.773508 [info]: oop!unknow header: User-Agent: Mozilla/5.0 (Windows NT 10.0; Win64; x64) AppleWebKit/537.36 (KHTML, like Gecko) Chrome/80.0.3987.163 Safari/537.36
2020-04-20 17:34:05.773515 [info]: Accept: text/html,application/xhtml+xml,application/xml;q=0.9,image/webp,image/apng,*/*;q=0.8,application/signed-exchange;v=b3;q=0.9
2020-04-20 17:34:05.773520 [info]: oop!unknow header: Accept: text/html,application/xhtml+xml,application/xml;q=0.9,image/webp,image/apng,*/*;q=0.8,application/signed-exchange;v=b3;q=0.9
2020-04-20 17:34:05.773526 [info]: Referer: http://www.swjtu.xyz:8000/1
2020-04-20 17:34:05.773531 [info]: oop!unknow header: Referer: http://www.swjtu.xyz:8000/1
2020-04-20 17:34:05.773536 [info]: Accept-Encoding: gzip, deflate
2020-04-20 17:34:05.773542 [info]: oop!unknow header: Accept-Encoding: gzip, deflate
2020-04-20 17:34:05.773547 [info]: Accept-Language: zh-CN,zh;q=0.9
2020-04-20 17:34:05.773552 [info]: oop!unknow header: Accept-Language: zh-CN,zh;q=0.9
2020-04-20 17:34:05.773557 [info]: 
2020-04-20 17:34:05.773562 [info]: user=shengkai&password=123456
2020-04-20 17:34:05.773626 [info]: request:HTTP/1.1 200 OK

2020-04-20 17:34:05.773635 [info]: request:HTTP/1.1 200 OK
Content-Length:723

2020-04-20 17:34:05.773646 [info]: request:HTTP/1.1 200 OK
Content-Length:723
Connection:keep-alive

2020-04-20 17:34:05.773651 [info]: request:HTTP/1.1 200 OK
Content-Length:723
Connection:keep-alive


2020-04-20 17:34:05.773722 [info]: send data to the client(222.212.181.237)
2020-04-20 17:34:05.773735 [info]: adjust timer once
2020-04-20 17:34:06.796253 [info]: deal with the client(222.212.181.237)
2020-04-20 17:34:06.796348 [info]: adjust timer once
2020-04-20 17:34:06.796371 [info]: POST /5 HTTP/1.1
2020-04-20 17:34:06.796419 [info]: Host: www.swjtu.xyz:8000
2020-04-20 17:34:06.796425 [info]: Connection: keep-alive
2020-04-20 17:34:06.796442 [info]: Content-Length: 0
2020-04-20 17:34:06.796449 [info]: Cache-Control: max-age=0
2020-04-20 17:34:06.796455 [info]: oop!unknow header: Cache-Control: max-age=0
2020-04-20 17:34:06.796461 [info]: Origin: http://www.swjtu.xyz:8000
2020-04-20 17:34:06.796466 [info]: oop!unknow header: Origin: http://www.swjtu.xyz:8000
2020-04-20 17:34:06.796472 [info]: Upgrade-Insecure-Requests: 1
2020-04-20 17:34:06.796496 [info]: oop!unknow header: Upgrade-Insecure-Requests: 1
2020-04-20 17:34:06.796514 [info]: Content-Type: application/x-www-form-urlencoded
2020-04-20 17:34:06.796521 [info]: oop!unknow header: Content-Type: application/x-www-form-urlencoded
2020-04-20 17:34:06.796527 [info]: User-Agent: Mozilla/5.0 (Windows NT 10.0; Win64; x64) AppleWebKit/537.36 (KHTML, like Gecko) Chrome/80.0.3987.163 Safari/537.36
2020-04-20 17:34:06.796534 [info]: oop!unknow header: User-Agent: Mozilla/5.0 (Windows NT 10.0; Win64; x64) AppleWebKit/537.36 (KHTML, like Gecko) Chrome/80.0.3987.163 Safari/537.36
2020-04-20 17:34:06.796540 [info]: Accept: text/html,application/xhtml+xml,application/xml;q=0.9,image/webp,image/apng,*/*;q=0.8,application/signed-exchange;v=b3;q=0.9
2020-04-20 17:34:06.796545 [info]: oop!unknow header: Accept: text/html,application/xhtml+xml,application/xml;q=0.9,image/webp,image/apng,*/*;q=0.8,application/signed-exchange;v=b3;q=0.9
2020-04-20 17:34:06.796551 [info]: Referer: http://www.swjtu.xyz:8000/2CGISQL.cgi
2020-04-20 17:34:06.796556 [info]: oop!unknow header: Referer: http://www.swjtu.xyz:8000/2CGISQL.cgi
2020-04-20 17:34:06.796562 [info]: Accept-Encoding: gzip, deflate
2020-04-20 17:34:06.796567 [info]: oop!unknow header: Accept-Encoding: gzip, deflate
2020-04-20 17:34:06.796573 [info]: Accept-Language: zh-CN,zh;q=0.9
2020-04-20 17:34:06.796578 [info]: oop!unknow header: Accept-Language: zh-CN,zh;q=0.9
2020-04-20 17:34:06.796583 [info]: 
2020-04-20 17:34:06.796700 [info]: request:HTTP/1.1 200 OK

2020-04-20 17:34:06.796714 [info]: request:HTTP/1.1 200 OK
Content-Length:360

2020-04-20 17:34:06.796726 [info]: request:HTTP/1.1 200 OK
Content-Length:360
Connection:keep-alive

2020-04-20 17:34:06.796732 [info]: request:HTTP/1.1 200 OK
Content-Length:360
Connection:keep-alive


2020-04-20 17:34:06.796825 [info]: send data to the client(222.212.181.237)
2020-04-20 17:34:06.796840 [info]: adjust timer once
2020-04-20 17:34:06.856518 [info]: deal with the client(222.212.181.237)
2020-04-20 17:34:06.856603 [info]: adjust timer once
2020-04-20 17:34:06.856625 [info]: GET /xxx.jpg HTTP/1.1
2020-04-20 17:34:06.856670 [info]: Host: www.swjtu.xyz:8000
2020-04-20 17:34:06.856677 [info]: Connection: keep-alive
2020-04-20 17:34:06.856693 [info]: User-Agent: Mozilla/5.0 (Windows NT 10.0; Win64; x64) AppleWebKit/537.36 (KHTML, like Gecko) Chrome/80.0.3987.163 Safari/537.36
2020-04-20 17:34:06.856703 [info]: oop!unknow header: User-Agent: Mozilla/5.0 (Windows NT 10.0; Win64; x64) AppleWebKit/537.36 (KHTML, like Gecko) Chrome/80.0.3987.163 Safari/537.36
2020-04-20 17:34:06.856709 [info]: Accept: image/webp,image/apng,image/*,*/*;q=0.8
2020-04-20 17:34:06.856715 [info]: oop!unknow header: Accept: image/webp,image/apng,image/*,*/*;q=0.8
2020-04-20 17:34:06.856721 [info]: Referer: http://www.swjtu.xyz:8000/5
2020-04-20 17:34:06.856727 [info]: oop!unknow header: Referer: http://www.swjtu.xyz:8000/5
2020-04-20 17:34:06.856732 [info]: Accept-Encoding: gzip, deflate
2020-04-20 17:34:06.856738 [info]: oop!unknow header: Accept-Encoding: gzip, deflate
2020-04-20 17:34:06.856744 [info]: Accept-Language: zh-CN,zh;q=0.9
2020-04-20 17:34:06.856749 [info]: oop!unknow header: Accept-Language: zh-CN,zh;q=0.9
2020-04-20 17:34:06.856755 [info]: 
2020-04-20 17:34:06.856786 [info]: request:HTTP/1.1 200 OK

2020-04-20 17:34:06.856794 [info]: request:HTTP/1.1 200 OK
Content-Length:6007312

2020-04-20 17:34:06.856804 [info]: request:HTTP/1.1 200 OK
Content-Length:6007312
Connection:keep-alive

2020-04-20 17:34:06.856810 [info]: request:HTTP/1.1 200 OK
Content-Length:6007312
Connection:keep-alive


2020-04-20 17:34:06.856944 [info]: send data to the client(222.212.181.237)
2020-04-20 17:34:06.856956 [info]: adjust timer once
2020-04-20 17:34:06.960529 [info]: send data to the client(222.212.181.237)
2020-04-20 17:34:06.960609 [info]: adjust timer once
2020-04-20 17:34:07.065989 [info]: send data to the client(222.212.181.237)
2020-04-20 17:34:07.066057 [info]: adjust timer once
2020-04-20 17:34:07.716552 [info]: send data to the client(222.212.181.237)
2020-04-20 17:34:07.716629 [info]: adjust timer once
2020-04-20 17:34:09.076337 [info]: send data to the client(222.212.181.237)
2020-04-20 17:34:09.076418 [info]: adjust timer once
2020-04-20 17:34:09.951491 [info]: timer tick
2020-04-20 17:34:10.415816 [info]: send data to the client(222.212.181.237)
2020-04-20 17:34:10.415902 [info]: adjust timer once
2020-04-20 17:34:11.849496 [info]: send data to the client(222.212.181.237)
2020-04-20 17:34:11.849563 [info]: adjust timer once
2020-04-20 17:34:13.262486 [info]: send data to the client(222.212.181.237)
2020-04-20 17:34:13.262569 [info]: adjust timer once
2020-04-20 17:34:14.690344 [info]: send data to the client(222.212.181.237)
2020-04-20 17:34:14.690412 [info]: adjust timer once
2020-04-20 17:34:14.951656 [info]: timer tick
2020-04-20 17:34:15.121776 [info]: close fd 16
2020-04-20 17:34:16.181125 [info]: close fd 17
2020-04-20 17:34:16.221233 [info]: deal with the client(222.212.181.237)
2020-04-20 17:34:16.221335 [info]: POST /6 HTTP/1.1
2020-04-20 17:34:16.221416 [info]: Host: www.swjtu.xyz:8000
2020-04-20 17:34:16.221446 [info]: Connection: keep-alive
2020-04-20 17:34:16.221453 [info]: Content-Length: 0
2020-04-20 17:34:16.221459 [info]: Cache-Control: max-age=0
2020-04-20 17:34:16.221465 [info]: oop!unknow header: Cache-Control: max-age=0
2020-04-20 17:34:16.221470 [info]: Origin: http://www.swjtu.xyz:8000
2020-04-20 17:34:16.221476 [info]: oop!unknow header: Origin: http://www.swjtu.xyz:8000
2020-04-20 17:34:16.221482 [info]: Upgrade-Insecure-Requests: 1
2020-04-20 17:34:16.221487 [info]: oop!unknow header: Upgrade-Insecure-Requests: 1
2020-04-20 17:34:16.221498 [info]: Content-Type: application/x-www-form-urlencoded
2020-04-20 17:34:16.221504 [info]: oop!unknow header: Content-Type: application/x-www-form-urlencoded
2020-04-20 17:34:16.221510 [info]: User-Agent: Mozilla/5.0 (Windows NT 10.0; Win64; x64) AppleWebKit/537.36 (KHTML, like Gecko) Chrome/80.0.3987.163 Safari/537.36
2020-04-20 17:34:16.221516 [info]: oop!unknow header: User-Agent: Mozilla/5.0 (Windows NT 10.0; Win64; x64) AppleWebKit/537.36 (KHTML, like Gecko) Chrome/80.0.3987.163 Safari/537.36
2020-04-20 17:34:16.221522 [info]: Accept: text/html,application/xhtml+xml,application/xml;q=0.9,image/webp,image/apng,*/*;q=0.8,application/signed-exchange;v=b3;q=0.9
2020-04-20 17:34:16.221528 [info]: oop!unknow header: Accept: text/html,application/xhtml+xml,application/xml;q=0.9,image/webp,image/apng,*/*;q=0.8,application/signed-exchange;v=b3;q=0.9
2020-04-20 17:34:16.221534 [info]: Referer: http://www.swjtu.xyz:8000/2CGISQL.cgi
2020-04-20 17:34:16.221539 [info]: oop!unknow header: Referer: http://www.swjtu.xyz:8000/2CGISQL.cgi
2020-04-20 17:34:16.221545 [info]: Accept-Encoding: gzip, deflate
2020-04-20 17:34:16.221550 [info]: oop!unknow header: Accept-Encoding: gzip, deflate
2020-04-20 17:34:16.221555 [info]: Accept-Language: zh-CN,zh;q=0.9
2020-04-20 17:34:16.221560 [info]: oop!unknow header: Accept-Language: zh-CN,zh;q=0.9
2020-04-20 17:34:16.221565 [info]: 
2020-04-20 17:34:16.221595 [info]: request:HTTP/1.1 200 OK

2020-04-20 17:34:16.221602 [info]: request:HTTP/1.1 200 OK
Content-Length:381

2020-04-20 17:34:16.221613 [info]: request:HTTP/1.1 200 OK
Content-Length:381
Connection:keep-alive

2020-04-20 17:34:16.221619 [info]: request:HTTP/1.1 200 OK
Content-Length:381
Connection:keep-alive


2020-04-20 17:34:16.221654 [info]: adjust timer once
2020-04-20 17:34:16.221714 [info]: send data to the client(222.212.181.237)
2020-04-20 17:34:16.221726 [info]: adjust timer once
2020-04-20 17:34:16.298365 [info]: deal with the client(222.212.181.237)
2020-04-20 17:34:16.298455 [info]: GET /xxx.mp4 HTTP/1.1
2020-04-20 17:34:16.298506 [info]: Host: www.swjtu.xyz:8000
2020-04-20 17:34:16.298513 [info]: Connection: keep-alive
2020-04-20 17:34:16.298519 [info]: Accept-Encoding: identity;q=1, *;q=0
2020-04-20 17:34:16.298525 [info]: oop!unknow header: Accept-Encoding: identity;q=1, *;q=0
2020-04-20 17:34:16.298531 [info]: User-Agent: Mozilla/5.0 (Windows NT 10.0; Win64; x64) AppleWebKit/537.36 (KHTML, like Gecko) Chrome/80.0.3987.163 Safari/537.36
2020-04-20 17:34:16.298549 [info]: oop!unknow header: User-Agent: Mozilla/5.0 (Windows NT 10.0; Win64; x64) AppleWebKit/537.36 (KHTML, like Gecko) Chrome/80.0.3987.163 Safari/537.36
2020-04-20 17:34:16.298556 [info]: Accept: */*
2020-04-20 17:34:16.298561 [info]: oop!unknow header: Accept: */*
2020-04-20 17:34:16.298567 [info]: Referer: http://www.swjtu.xyz:8000/6
2020-04-20 17:34:16.298573 [info]: oop!unknow header: Referer: http://www.swjtu.xyz:8000/6
2020-04-20 17:34:16.298578 [info]: Accept-Language: zh-CN,zh;q=0.9
2020-04-20 17:34:16.298583 [info]: oop!unknow header: Accept-Language: zh-CN,zh;q=0.9
2020-04-20 17:34:16.298589 [info]: Range: bytes=0-
2020-04-20 17:34:16.298594 [info]: oop!unknow header: Range: bytes=0-
2020-04-20 17:34:16.298599 [info]: 
2020-04-20 17:34:16.298630 [info]: request:HTTP/1.1 200 OK

2020-04-20 17:34:16.298637 [info]: request:HTTP/1.1 200 OK
Content-Length:39667571

2020-04-20 17:34:16.298647 [info]: request:HTTP/1.1 200 OK
Content-Length:39667571
Connection:keep-alive

2020-04-20 17:34:16.298653 [info]: request:HTTP/1.1 200 OK
Content-Length:39667571
Connection:keep-alive


2020-04-20 17:34:16.298667 [info]: adjust timer once
2020-04-20 17:34:16.298766 [info]: send data to the client(222.212.181.237)
2020-04-20 17:34:16.298781 [info]: adjust timer once
2020-04-20 17:34:16.399528 [info]: send data to the client(222.212.181.237)
2020-04-20 17:34:16.399602 [info]: adjust timer once
2020-04-20 17:34:16.471520 [info]: send data to the client(222.212.181.237)
2020-04-20 17:34:16.471589 [info]: adjust timer once
2020-04-20 17:34:16.505699 [info]: send data to the client(222.212.181.237)
2020-04-20 17:34:16.505768 [info]: adjust timer once
2020-04-20 17:34:18.229227 [info]: send data to the client(222.212.181.237)
2020-04-20 17:34:18.229307 [info]: adjust timer once
2020-04-20 17:34:19.704377 [info]: send data to the client(222.212.181.237)
2020-04-20 17:34:19.704434 [info]: adjust timer once
2020-04-20 17:34:19.951797 [info]: timer tick
2020-04-20 17:34:21.459661 [info]: send data to the client(222.212.181.237)
2020-04-20 17:34:21.459729 [info]: adjust timer once
2020-04-20 17:34:22.857301 [info]: send data to the client(222.212.181.237)
2020-04-20 17:34:22.857386 [info]: adjust timer once
2020-04-20 17:34:24.313804 [info]: send data to the client(222.212.181.237)
2020-04-20 17:34:24.313880 [info]: adjust timer once
2020-04-20 17:34:24.951954 [info]: timer tick
2020-04-20 17:34:26.210799 [info]: send data to the client(222.212.181.237)
2020-04-20 17:34:26.210870 [info]: adjust timer once
2020-04-20 17:34:28.134185 [info]: send data to the client(222.212.181.237)
2020-04-20 17:34:28.134268 [info]: adjust timer once
2020-04-20 17:34:29.952100 [info]: timer tick
2020-04-20 17:34:30.373594 [info]: send data to the client(222.212.181.237)
2020-04-20 17:34:30.373662 [info]: adjust timer once
2020-04-20 17:34:31.449674 [info]: send data to the client(222.212.181.237)
2020-04-20 17:34:31.449743 [info]: adjust timer once
2020-04-20 17:34:32.889302 [info]: send data to the client(222.212.181.237)
2020-04-20 17:34:32.889396 [info]: adjust timer once
2020-04-20 17:34:34.306781 [info]: send data to the client(222.212.181.237)
2020-04-20 17:34:34.306875 [info]: adjust timer once
2020-04-20 17:34:34.952256 [info]: timer tick
2020-04-20 17:34:35.687677 [info]: send data to the client(222.212.181.237)
2020-04-20 17:34:35.687746 [info]: adjust timer once
2020-04-20 17:34:37.160331 [info]: send data to the client(222.212.181.237)
2020-04-20 17:34:37.160413 [info]: adjust timer once
2020-04-20 17:34:39.018277 [info]: send data to the client(222.212.181.237)
2020-04-20 17:34:39.018366 [info]: adjust timer once
2020-04-20 17:34:39.952421 [info]: timer tick
2020-04-20 17:34:40.450168 [info]: send data to the client(222.212.181.237)
2020-04-20 17:34:40.450249 [info]: adjust timer once
2020-04-20 17:34:41.858533 [info]: send data to the client(222.212.181.237)
2020-04-20 17:34:41.858623 [info]: adjust timer once
2020-04-20 17:34:43.297670 [info]: send data to the client(222.212.181.237)
2020-04-20 17:34:43.297739 [info]: adjust timer once
2020-04-20 17:34:44.719354 [info]: send data to the client(222.212.181.237)
2020-04-20 17:34:44.719428 [info]: adjust timer once
2020-04-20 17:34:44.952599 [info]: timer tick
2020-04-20 17:34:46.204606 [info]: send data to the client(222.212.181.237)
2020-04-20 17:34:46.204672 [info]: adjust timer once
2020-04-20 17:34:47.572780 [info]: send data to the client(222.212.181.237)
2020-04-20 17:34:47.572856 [info]: adjust timer once
2020-04-20 17:34:49.170545 [info]: send data to the client(222.212.181.237)
2020-04-20 17:34:49.170620 [info]: adjust timer once
2020-04-20 17:34:49.952742 [info]: timer tick
2020-04-20 17:34:50.957570 [info]: send data to the client(222.212.181.237)
2020-04-20 17:34:50.957663 [info]: adjust timer once
2020-04-20 17:34:52.450535 [info]: send data to the client(222.212.181.237)
2020-04-20 17:34:52.450608 [info]: adjust timer once
2020-04-20 17:34:54.319342 [info]: send data to the client(222.212.181.237)
2020-04-20 17:34:54.319412 [info]: adjust timer once
2020-04-20 17:34:54.952864 [info]: timer tick
2020-04-20 17:34:55.738558 [info]: send data to the client(222.212.181.237)
2020-04-20 17:34:55.738637 [info]: adjust timer once
2020-04-20 17:34:57.185488 [info]: send data to the client(222.212.181.237)
2020-04-20 17:34:57.185564 [info]: adjust timer once
2020-04-20 17:34:58.656943 [info]: send data to the client(222.212.181.237)
2020-04-20 17:34:58.657029 [info]: adjust timer once
2020-04-20 17:34:59.952989 [info]: timer tick
2020-04-20 17:35:00.143685 [info]: send data to the client(222.212.181.237)
2020-04-20 17:35:00.143793 [info]: adjust timer once
2020-04-20 17:35:02.031922 [info]: send data to the client(222.212.181.237)
2020-04-20 17:35:02.031989 [info]: adjust timer once
2020-04-20 17:35:03.725465 [info]: send data to the client(222.212.181.237)
2020-04-20 17:35:03.725543 [info]: adjust timer once
2020-04-20 17:35:04.862093 [info]: send data to the client(222.212.181.237)
2020-04-20 17:35:04.862176 [info]: adjust timer once
2020-04-20 17:35:04.953113 [info]: timer tick
2020-04-20 17:35:06.771654 [info]: send data to the client(222.212.181.237)
2020-04-20 17:35:06.771722 [info]: adjust timer once
2020-04-20 17:35:08.639783 [info]: send data to the client(222.212.181.237)
2020-04-20 17:35:08.639862 [info]: adjust timer once
2020-04-20 17:35:09.953260 [info]: timer tick
2020-04-20 17:35:10.084908 [info]: send data to the client(222.212.181.237)
2020-04-20 17:35:10.084974 [info]: adjust timer once
2020-04-20 17:35:11.505277 [info]: send data to the client(222.212.181.237)
2020-04-20 17:35:11.505347 [info]: adjust timer once
2020-04-20 17:35:12.961081 [info]: send data to the client(222.212.181.237)
2020-04-20 17:35:12.961149 [info]: adjust timer once
2020-04-20 17:35:14.406247 [info]: send data to the client(222.212.181.237)
2020-04-20 17:35:14.406323 [info]: adjust timer once
2020-04-20 17:35:14.953410 [info]: timer tick
2020-04-20 17:35:15.797305 [info]: send data to the client(222.212.181.237)
2020-04-20 17:35:15.797401 [info]: adjust timer once
2020-04-20 17:35:17.253726 [info]: send data to the client(222.212.181.237)
2020-04-20 17:35:17.253812 [info]: adjust timer once
2020-04-20 17:35:18.685066 [info]: send data to the client(222.212.181.237)
2020-04-20 17:35:18.685141 [info]: adjust timer once
2020-04-20 17:35:19.953575 [info]: timer tick
2020-04-20 17:35:20.637759 [info]: send data to the client(222.212.181.237)
2020-04-20 17:35:20.637827 [info]: adjust timer once
2020-04-20 17:35:22.021520 [info]: send data to the client(222.212.181.237)
2020-04-20 17:35:22.021602 [info]: adjust timer once
2020-04-20 17:35:23.463588 [info]: send data to the client(222.212.181.237)
2020-04-20 17:35:23.463654 [info]: adjust timer once
2020-04-20 17:35:24.860722 [info]: send data to the client(222.212.181.237)
2020-04-20 17:35:24.860808 [info]: adjust timer once
2020-04-20 17:35:24.953736 [info]: timer tick
2020-04-20 17:35:26.376058 [info]: send data to the client(222.212.181.237)
2020-04-20 17:35:26.376134 [info]: adjust timer once
2020-04-20 17:35:27.733477 [info]: send data to the client(222.212.181.237)
2020-04-20 17:35:27.733560 [info]: adjust timer once
2020-04-20 17:35:29.201433 [info]: send data to the client(222.212.181.237)
2020-04-20 17:35:29.201502 [info]: adjust timer once
2020-04-20 17:35:29.953918 [info]: timer tick
2020-04-20 17:35:31.125455 [info]: send data to the client(222.212.181.237)
2020-04-20 17:35:31.125509 [info]: adjust timer once
2020-04-20 17:35:32.976000 [info]: send data to the client(222.212.181.237)
2020-04-20 17:35:32.976087 [info]: adjust timer once
2020-04-20 17:35:34.401977 [info]: send data to the client(222.212.181.237)
2020-04-20 17:35:34.402050 [info]: adjust timer once
2020-04-20 17:35:34.954081 [info]: timer tick
2020-04-20 17:35:36.284521 [info]: send data to the client(222.212.181.237)
2020-04-20 17:35:36.284609 [info]: adjust timer once
2020-04-20 17:35:37.685209 [info]: send data to the client(222.212.181.237)
2020-04-20 17:35:37.685295 [info]: adjust timer once
2020-04-20 17:35:39.114677 [info]: send data to the client(222.212.181.237)
2020-04-20 17:35:39.114742 [info]: adjust timer once
2020-04-20 17:35:39.954240 [info]: timer tick
2020-04-20 17:35:40.581950 [info]: send data to the client(222.212.181.237)
2020-04-20 17:35:40.582037 [info]: adjust timer once
2020-04-20 17:35:41.981345 [info]: send data to the client(222.212.181.237)
2020-04-20 17:35:41.981428 [info]: adjust timer once
2020-04-20 17:35:43.467317 [info]: send data to the client(222.212.181.237)
2020-04-20 17:35:43.467394 [info]: adjust timer once
2020-04-20 17:35:44.954397 [info]: timer tick
2020-04-20 17:35:45.281902 [info]: send data to the client(222.212.181.237)
2020-04-20 17:35:45.281980 [info]: adjust timer once
2020-04-20 17:35:46.725807 [info]: send data to the client(222.212.181.237)
2020-04-20 17:35:46.725873 [info]: adjust timer once
2020-04-20 17:35:48.158455 [info]: send data to the client(222.212.181.237)
2020-04-20 17:35:48.158534 [info]: adjust timer once
2020-04-20 17:35:49.572762 [info]: send data to the client(222.212.181.237)
2020-04-20 17:35:49.572846 [info]: adjust timer once
2020-04-20 17:35:49.954556 [info]: timer tick
2020-04-20 17:35:51.023704 [info]: send data to the client(222.212.181.237)
2020-04-20 17:35:51.023777 [info]: adjust timer once
2020-04-20 17:35:52.467043 [info]: send data to the client(222.212.181.237)
2020-04-20 17:35:52.467114 [info]: adjust timer once
2020-04-20 17:35:54.065120 [info]: send data to the client(222.212.181.237)
2020-04-20 17:35:54.065186 [info]: adjust timer once
2020-04-20 17:35:54.954714 [info]: timer tick
2020-04-20 17:35:55.316516 [info]: send data to the client(222.212.181.237)
2020-04-20 17:35:55.316583 [info]: adjust timer once
2020-04-20 17:35:57.173774 [info]: send data to the client(222.212.181.237)
2020-04-20 17:35:57.173843 [info]: adjust timer once
2020-04-20 17:35:58.632069 [info]: send data to the client(222.212.181.237)
2020-04-20 17:35:58.632136 [info]: adjust timer once
2020-04-20 17:35:59.954858 [info]: timer tick
2020-04-20 17:36:00.035648 [info]: send data to the client(222.212.181.237)
2020-04-20 17:36:00.035709 [info]: adjust timer once
2020-04-20 17:36:01.474657 [info]: send data to the client(222.212.181.237)
2020-04-20 17:36:01.474729 [info]: adjust timer once
2020-04-20 17:36:02.915024 [info]: send data to the client(222.212.181.237)
2020-04-20 17:36:02.915127 [info]: adjust timer once
2020-04-20 17:36:04.326551 [info]: send data to the client(222.212.181.237)
2020-04-20 17:36:04.326637 [info]: adjust timer once
2020-04-20 17:36:04.955026 [info]: timer tick
2020-04-20 17:36:05.733763 [info]: send data to the client(222.212.181.237)
2020-04-20 17:36:05.733835 [info]: adjust timer once
2020-04-20 17:36:07.187839 [info]: send data to the client(222.212.181.237)
2020-04-20 17:36:07.187909 [info]: adjust timer once
2020-04-20 17:36:08.604773 [info]: send data to the client(222.212.181.237)
2020-04-20 17:36:08.604858 [info]: adjust timer once
2020-04-20 17:36:09.955188 [info]: timer tick
2020-04-20 17:36:10.029938 [info]: send data to the client(222.212.181.237)
2020-04-20 17:36:10.030006 [info]: adjust timer once
2020-04-20 17:36:11.462963 [info]: send data to the client(222.212.181.237)
2020-04-20 17:36:11.463032 [info]: adjust timer once
2020-04-20 17:36:12.910973 [info]: send data to the client(222.212.181.237)
2020-04-20 17:36:12.911043 [info]: adjust timer once
2020-04-20 17:36:14.354913 [info]: send data to the client(222.212.181.237)
2020-04-20 17:36:14.354972 [info]: adjust timer once
2020-04-20 17:36:14.955365 [info]: timer tick
2020-04-20 17:36:15.738780 [info]: send data to the client(222.212.181.237)
2020-04-20 17:36:15.738862 [info]: adjust timer once
2020-04-20 17:36:17.202454 [info]: send data to the client(222.212.181.237)
2020-04-20 17:36:17.202515 [info]: adjust timer once
2020-04-20 17:36:19.110917 [info]: send data to the client(222.212.181.237)
2020-04-20 17:36:19.110984 [info]: adjust timer once
2020-04-20 17:36:19.955527 [info]: timer tick
2020-04-20 17:36:21.008303 [info]: send data to the client(222.212.181.237)
2020-04-20 17:36:21.008377 [info]: adjust timer once
2020-04-20 17:36:22.852521 [info]: send data to the client(222.212.181.237)
2020-04-20 17:36:22.852592 [info]: adjust timer once
2020-04-20 17:36:24.323940 [info]: send data to the client(222.212.181.237)
2020-04-20 17:36:24.324024 [info]: adjust timer once
2020-04-20 17:36:24.955672 [info]: timer tick
2020-04-20 17:36:26.212627 [info]: send data to the client(222.212.181.237)
2020-04-20 17:36:26.212698 [info]: adjust timer once
2020-04-20 17:36:26.961334 [info]: close fd 16
2020-04-20 17:37:08.085274 [info]: deal with the client(222.212.181.237)
2020-04-20 17:37:08.085379 [info]: adjust timer once
2020-04-20 17:37:08.085401 [info]: GET / HTTP/1.1
2020-04-20 17:37:08.085450 [info]: Host: www.swjtu.xyz:8000
2020-04-20 17:37:08.085457 [info]: Connection: keep-alive
2020-04-20 17:37:08.085463 [info]: Upgrade-Insecure-Requests: 1
2020-04-20 17:37:08.085468 [info]: oop!unknow header: Upgrade-Insecure-Requests: 1
2020-04-20 17:37:08.085474 [info]: User-Agent: Mozilla/5.0 (Windows NT 10.0; Win64; x64) AppleWebKit/537.36 (KHTML, like Gecko) Chrome/80.0.3987.163 Safari/537.36
2020-04-20 17:37:08.085481 [info]: oop!unknow header: User-Agent: Mozilla/5.0 (Windows NT 10.0; Win64; x64) AppleWebKit/537.36 (KHTML, like Gecko) Chrome/80.0.3987.163 Safari/537.36
2020-04-20 17:37:08.085487 [info]: Accept: text/html,application/xhtml+xml,application/xml;q=0.9,image/webp,image/apng,*/*;q=0.8,application/signed-exchange;v=b3;q=0.9
2020-04-20 17:37:08.085492 [info]: oop!unknow header: Accept: text/html,application/xhtml+xml,application/xml;q=0.9,image/webp,image/apng,*/*;q=0.8,application/signed-exchange;v=b3;q=0.9
2020-04-20 17:37:08.085498 [info]: Accept-Encoding: gzip, deflate
2020-04-20 17:37:08.085504 [info]: oop!unknow header: Accept-Encoding: gzip, deflate
2020-04-20 17:37:08.085509 [info]: Accept-Language: zh-CN,zh;q=0.9
2020-04-20 17:37:08.085514 [info]: oop!unknow header: Accept-Language: zh-CN,zh;q=0.9
2020-04-20 17:37:08.085519 [info]: 
2020-04-20 17:37:08.085552 [info]: request:HTTP/1.1 200 OK

2020-04-20 17:37:08.085560 [info]: request:HTTP/1.1 200 OK
Content-Length:586

2020-04-20 17:37:08.085569 [info]: request:HTTP/1.1 200 OK
Content-Length:586
Connection:keep-alive

2020-04-20 17:37:08.085574 [info]: request:HTTP/1.1 200 OK
Content-Length:586
Connection:keep-alive


2020-04-20 17:37:08.085629 [info]: send data to the client(222.212.181.237)
2020-04-20 17:37:08.085642 [info]: adjust timer once
2020-04-20 17:37:09.400739 [info]: timer tick
2020-04-20 17:37:10.606947 [info]: deal with the client(222.212.181.237)
2020-04-20 17:37:10.607027 [info]: adjust timer once
2020-04-20 17:37:10.607047 [info]: POST /1 HTTP/1.1
2020-04-20 17:37:10.607095 [info]: Host: www.swjtu.xyz:8000
2020-04-20 17:37:10.607117 [info]: Connection: keep-alive
2020-04-20 17:37:10.607123 [info]: Content-Length: 0
2020-04-20 17:37:10.607137 [info]: Cache-Control: max-age=0
2020-04-20 17:37:10.607143 [info]: oop!unknow header: Cache-Control: max-age=0
2020-04-20 17:37:10.607148 [info]: Origin: http://www.swjtu.xyz:8000
2020-04-20 17:37:10.607154 [info]: oop!unknow header: Origin: http://www.swjtu.xyz:8000
2020-04-20 17:37:10.607171 [info]: Upgrade-Insecure-Requests: 1
2020-04-20 17:37:10.607178 [info]: oop!unknow header: Upgrade-Insecure-Requests: 1
2020-04-20 17:37:10.607183 [info]: Content-Type: application/x-www-form-urlencoded
2020-04-20 17:37:10.607188 [info]: oop!unknow header: Content-Type: application/x-www-form-urlencoded
2020-04-20 17:37:10.607194 [info]: User-Agent: Mozilla/5.0 (Windows NT 10.0; Win64; x64) AppleWebKit/537.36 (KHTML, like Gecko) Chrome/80.0.3987.163 Safari/537.36
2020-04-20 17:37:10.607200 [info]: oop!unknow header: User-Agent: Mozilla/5.0 (Windows NT 10.0; Win64; x64) AppleWebKit/537.36 (KHTML, like Gecko) Chrome/80.0.3987.163 Safari/537.36
2020-04-20 17:37:10.607206 [info]: Accept: text/html,application/xhtml+xml,application/xml;q=0.9,image/webp,image/apng,*/*;q=0.8,application/signed-exchange;v=b3;q=0.9
2020-04-20 17:37:10.607211 [info]: oop!unknow header: Accept: text/html,application/xhtml+xml,application/xml;q=0.9,image/webp,image/apng,*/*;q=0.8,application/signed-exchange;v=b3;q=0.9
2020-04-20 17:37:10.607217 [info]: Referer: http://www.swjtu.xyz:8000/
2020-04-20 17:37:10.607222 [info]: oop!unknow header: Referer: http://www.swjtu.xyz:8000/
2020-04-20 17:37:10.607227 [info]: Accept-Encoding: gzip, deflate
2020-04-20 17:37:10.607249 [info]: oop!unknow header: Accept-Encoding: gzip, deflate
2020-04-20 17:37:10.607257 [info]: Accept-Language: zh-CN,zh;q=0.9
2020-04-20 17:37:10.607262 [info]: oop!unknow header: Accept-Language: zh-CN,zh;q=0.9
2020-04-20 17:37:10.607267 [info]: 
2020-04-20 17:37:10.607301 [info]: request:HTTP/1.1 200 OK

2020-04-20 17:37:10.607309 [info]: request:HTTP/1.1 200 OK
Content-Length:725

2020-04-20 17:37:10.607319 [info]: request:HTTP/1.1 200 OK
Content-Length:725
Connection:keep-alive

2020-04-20 17:37:10.607324 [info]: request:HTTP/1.1 200 OK
Content-Length:725
Connection:keep-alive


2020-04-20 17:37:10.607394 [info]: send data to the client(222.212.181.237)
2020-04-20 17:37:10.607407 [info]: adjust timer once
2020-04-20 17:37:13.470625 [info]: deal with the client(222.212.181.237)
2020-04-20 17:37:13.470712 [info]: adjust timer once
2020-04-20 17:37:13.470745 [info]: POST /2CGISQL.cgi HTTP/1.1
2020-04-20 17:37:13.470794 [info]: Host: www.swjtu.xyz:8000
2020-04-20 17:37:13.470800 [info]: Connection: keep-alive
2020-04-20 17:37:13.470806 [info]: Content-Length: 29
2020-04-20 17:37:13.470811 [info]: Cache-Control: max-age=0
2020-04-20 17:37:13.470817 [info]: oop!unknow header: Cache-Control: max-age=0
2020-04-20 17:37:13.470822 [info]: Origin: http://www.swjtu.xyz:8000
2020-04-20 17:37:13.470828 [info]: oop!unknow header: Origin: http://www.swjtu.xyz:8000
2020-04-20 17:37:13.470833 [info]: Upgrade-Insecure-Requests: 1
2020-04-20 17:37:13.470838 [info]: oop!unknow header: Upgrade-Insecure-Requests: 1
2020-04-20 17:37:13.470843 [info]: Content-Type: application/x-www-form-urlencoded
2020-04-20 17:37:13.470849 [info]: oop!unknow header: Content-Type: application/x-www-form-urlencoded
2020-04-20 17:37:13.470855 [info]: User-Agent: Mozilla/5.0 (Windows NT 10.0; Win64; x64) AppleWebKit/537.36 (KHTML, like Gecko) Chrome/80.0.3987.163 Safari/537.36
2020-04-20 17:37:13.470861 [info]: oop!unknow header: User-Agent: Mozilla/5.0 (Windows NT 10.0; Win64; x64) AppleWebKit/537.36 (KHTML, like Gecko) Chrome/80.0.3987.163 Safari/537.36
2020-04-20 17:37:13.470867 [info]: Accept: text/html,application/xhtml+xml,application/xml;q=0.9,image/webp,image/apng,*/*;q=0.8,application/signed-exchange;v=b3;q=0.9
2020-04-20 17:37:13.470872 [info]: oop!unknow header: Accept: text/html,application/xhtml+xml,application/xml;q=0.9,image/webp,image/apng,*/*;q=0.8,application/signed-exchange;v=b3;q=0.9
2020-04-20 17:37:13.470878 [info]: Referer: http://www.swjtu.xyz:8000/1
2020-04-20 17:37:13.470883 [info]: oop!unknow header: Referer: http://www.swjtu.xyz:8000/1
2020-04-20 17:37:13.470900 [info]: Accept-Encoding: gzip, deflate
2020-04-20 17:37:13.470907 [info]: oop!unknow header: Accept-Encoding: gzip, deflate
2020-04-20 17:37:13.470912 [info]: Accept-Language: zh-CN,zh;q=0.9
2020-04-20 17:37:13.470928 [info]: oop!unknow header: Accept-Language: zh-CN,zh;q=0.9
2020-04-20 17:37:13.470935 [info]: 
2020-04-20 17:37:13.470940 [info]: user=shengkai&password=123456
2020-04-20 17:37:13.470989 [info]: request:HTTP/1.1 200 OK

2020-04-20 17:37:13.470997 [info]: request:HTTP/1.1 200 OK
Content-Length:723

2020-04-20 17:37:13.471008 [info]: request:HTTP/1.1 200 OK
Content-Length:723
Connection:keep-alive

2020-04-20 17:37:13.471013 [info]: request:HTTP/1.1 200 OK
Content-Length:723
Connection:keep-alive


2020-04-20 17:37:13.471087 [info]: send data to the client(222.212.181.237)
2020-04-20 17:37:13.471100 [info]: adjust timer once
2020-04-20 17:37:14.400887 [info]: timer tick
2020-04-20 17:37:19.401045 [info]: timer tick
2020-04-20 17:37:24.401211 [info]: timer tick
2020-04-20 17:37:29.401369 [info]: timer tick
2020-04-20 17:37:29.401511 [info]: close fd 16
2020-04-20 18:20:30.863412 [info]: deal with the client(189.161.83.119)
2020-04-20 18:20:30.863566 [info]: adjust timer once
2020-04-20 18:20:31.080556 [info]: deal with the client(189.161.83.119)
2020-04-20 18:20:31.080650 [info]: GET / HTTP/1.1
2020-04-20 18:20:31.080701 [info]: 
2020-04-20 18:20:31.080748 [info]: request:HTTP/1.1 200 OK

2020-04-20 18:20:31.080763 [info]: request:HTTP/1.1 200 OK
Content-Length:586

2020-04-20 18:20:31.080781 [info]: request:HTTP/1.1 200 OK
Content-Length:586
Connection:close

2020-04-20 18:20:31.080809 [info]: request:HTTP/1.1 200 OK
Content-Length:586
Connection:close


2020-04-20 18:20:31.080832 [info]: adjust timer once
2020-04-20 18:20:31.080912 [info]: close fd 16
2020-04-20 19:40:49.771958 [info]: deal with the client(171.88.178.105)
2020-04-20 19:40:49.772068 [info]: POST /5 HTTP/1.1
2020-04-20 19:40:49.772122 [info]: Host: www.swjtu.xyz:8000
2020-04-20 19:40:49.772129 [info]: Connection: keep-alive
2020-04-20 19:40:49.772135 [info]: Content-Length: 0
2020-04-20 19:40:49.772141 [info]: Cache-Control: max-age=0
2020-04-20 19:40:49.772146 [info]: oop!unknow header: Cache-Control: max-age=0
2020-04-20 19:40:49.772152 [info]: Origin: http://www.swjtu.xyz:8000
2020-04-20 19:40:49.772158 [info]: oop!unknow header: Origin: http://www.swjtu.xyz:8000
2020-04-20 19:40:49.772163 [info]: Upgrade-Insecure-Requests: 1
2020-04-20 19:40:49.772168 [info]: oop!unknow header: Upgrade-Insecure-Requests: 1
2020-04-20 19:40:49.772174 [info]: Content-Type: application/x-www-form-urlencoded
2020-04-20 19:40:49.772179 [info]: oop!unknow header: Content-Type: application/x-www-form-urlencoded
2020-04-20 19:40:49.772185 [info]: User-Agent: Mozilla/5.0 (Windows NT 10.0; Win64; x64) AppleWebKit/537.36 (KHTML, like Gecko) Chrome/80.0.3987.163 Safari/537.36
2020-04-20 19:40:49.772191 [info]: oop!unknow header: User-Agent: Mozilla/5.0 (Windows NT 10.0; Win64; x64) AppleWebKit/537.36 (KHTML, like Gecko) Chrome/80.0.3987.163 Safari/537.36
2020-04-20 19:40:49.772197 [info]: Accept: text/html,application/xhtml+xml,application/xml;q=0.9,image/webp,image/apng,*/*;q=0.8,application/signed-exchange;v=b3;q=0.9
2020-04-20 19:40:49.772203 [info]: oop!unknow header: Accept: text/html,application/xhtml+xml,application/xml;q=0.9,image/webp,image/apng,*/*;q=0.8,application/signed-exchange;v=b3;q=0.9
2020-04-20 19:40:49.772208 [info]: Referer: http://www.swjtu.xyz:8000/2CGISQL.cgi
2020-04-20 19:40:49.772213 [info]: oop!unknow header: Referer: http://www.swjtu.xyz:8000/2CGISQL.cgi
2020-04-20 19:40:49.772219 [info]: Accept-Encoding: gzip, deflate
2020-04-20 19:40:49.772224 [info]: oop!unknow header: Accept-Encoding: gzip, deflate
2020-04-20 19:40:49.772229 [info]: Accept-Language: zh-CN,zh;q=0.9
2020-04-20 19:40:49.772234 [info]: oop!unknow header: Accept-Language: zh-CN,zh;q=0.9
2020-04-20 19:40:49.772239 [info]: 
2020-04-20 19:40:49.772268 [info]: request:HTTP/1.1 200 OK

2020-04-20 19:40:49.772274 [info]: request:HTTP/1.1 200 OK
Content-Length:360

2020-04-20 19:40:49.772284 [info]: request:HTTP/1.1 200 OK
Content-Length:360
Connection:keep-alive

2020-04-20 19:40:49.772289 [info]: request:HTTP/1.1 200 OK
Content-Length:360
Connection:keep-alive


2020-04-20 19:40:49.772313 [info]: adjust timer once
2020-04-20 19:40:49.772360 [info]: send data to the client(171.88.178.105)
2020-04-20 19:40:49.772371 [info]: adjust timer once
2020-04-20 19:40:49.864845 [info]: deal with the client(171.88.178.105)
2020-04-20 19:40:49.864959 [info]: GET /xxx.jpg HTTP/1.1
2020-04-20 19:40:49.865028 [info]: Host: www.swjtu.xyz:8000
2020-04-20 19:40:49.865038 [info]: Connection: keep-alive
2020-04-20 19:40:49.865056 [info]: User-Agent: Mozilla/5.0 (Windows NT 10.0; Win64; x64) AppleWebKit/537.36 (KHTML, like Gecko) Chrome/80.0.3987.163 Safari/537.36
2020-04-20 19:40:49.865065 [info]: oop!unknow header: User-Agent: Mozilla/5.0 (Windows NT 10.0; Win64; x64) AppleWebKit/537.36 (KHTML, like Gecko) Chrome/80.0.3987.163 Safari/537.36
2020-04-20 19:40:49.865071 [info]: Accept: image/webp,image/apng,image/*,*/*;q=0.8
2020-04-20 19:40:49.865077 [info]: oop!unknow header: Accept: image/webp,image/apng,image/*,*/*;q=0.8
2020-04-20 19:40:49.865082 [info]: Referer: http://www.swjtu.xyz:8000/5
2020-04-20 19:40:49.865087 [info]: oop!unknow header: Referer: http://www.swjtu.xyz:8000/5
2020-04-20 19:40:49.865093 [info]: Accept-Encoding: gzip, deflate
2020-04-20 19:40:49.865098 [info]: oop!unknow header: Accept-Encoding: gzip, deflate
2020-04-20 19:40:49.865103 [info]: Accept-Language: zh-CN,zh;q=0.9
2020-04-20 19:40:49.865108 [info]: oop!unknow header: Accept-Language: zh-CN,zh;q=0.9
2020-04-20 19:40:49.865113 [info]: 
2020-04-20 19:40:49.865144 [info]: request:HTTP/1.1 200 OK

2020-04-20 19:40:49.865150 [info]: request:HTTP/1.1 200 OK
Content-Length:6007312

2020-04-20 19:40:49.865161 [info]: request:HTTP/1.1 200 OK
Content-Length:6007312
Connection:keep-alive

2020-04-20 19:40:49.865166 [info]: request:HTTP/1.1 200 OK
Content-Length:6007312
Connection:keep-alive


2020-04-20 19:40:49.865180 [info]: adjust timer once
2020-04-20 19:40:49.865319 [info]: send data to the client(171.88.178.105)
2020-04-20 19:40:49.865334 [info]: adjust timer once
2020-04-20 19:40:50.004759 [info]: send data to the client(171.88.178.105)
2020-04-20 19:40:50.004825 [info]: adjust timer once
2020-04-20 19:40:50.118260 [info]: send data to the client(171.88.178.105)
2020-04-20 19:40:50.118330 [info]: adjust timer once
2020-04-20 19:40:50.145334 [info]: send data to the client(171.88.178.105)
2020-04-20 19:40:50.145411 [info]: adjust timer once
2020-04-20 19:40:51.698813 [info]: send data to the client(171.88.178.105)
2020-04-20 19:40:51.698879 [info]: adjust timer once
2020-04-20 19:40:53.683538 [info]: close fd 16
2020-04-20 19:41:01.675570 [info]: deal with the client(171.88.178.105)
2020-04-20 19:41:01.675660 [info]: GET / HTTP/1.1
2020-04-20 19:41:01.675715 [info]: Host: www.swjtu.xyz:8000
2020-04-20 19:41:01.675722 [info]: Connection: keep-alive
2020-04-20 19:41:01.675727 [info]: Upgrade-Insecure-Requests: 1
2020-04-20 19:41:01.675742 [info]: oop!unknow header: Upgrade-Insecure-Requests: 1
2020-04-20 19:41:01.675749 [info]: User-Agent: Mozilla/5.0 (Windows NT 10.0; Win64; x64) AppleWebKit/537.36 (KHTML, like Gecko) Chrome/80.0.3987.163 Safari/537.36
2020-04-20 19:41:01.675755 [info]: oop!unknow header: User-Agent: Mozilla/5.0 (Windows NT 10.0; Win64; x64) AppleWebKit/537.36 (KHTML, like Gecko) Chrome/80.0.3987.163 Safari/537.36
2020-04-20 19:41:01.675762 [info]: Accept: text/html,application/xhtml+xml,application/xml;q=0.9,image/webp,image/apng,*/*;q=0.8,application/signed-exchange;v=b3;q=0.9
2020-04-20 19:41:01.675767 [info]: oop!unknow header: Accept: text/html,application/xhtml+xml,application/xml;q=0.9,image/webp,image/apng,*/*;q=0.8,application/signed-exchange;v=b3;q=0.9
2020-04-20 19:41:01.675773 [info]: Accept-Encoding: gzip, deflate
2020-04-20 19:41:01.675778 [info]: oop!unknow header: Accept-Encoding: gzip, deflate
2020-04-20 19:41:01.675783 [info]: Accept-Language: zh-CN,zh;q=0.9
2020-04-20 19:41:01.675788 [info]: oop!unknow header: Accept-Language: zh-CN,zh;q=0.9
2020-04-20 19:41:01.675793 [info]: 
2020-04-20 19:41:01.675830 [info]: request:HTTP/1.1 200 OK

2020-04-20 19:41:01.675848 [info]: request:HTTP/1.1 200 OK
Content-Length:586

2020-04-20 19:41:01.675859 [info]: request:HTTP/1.1 200 OK
Content-Length:586
Connection:keep-alive

2020-04-20 19:41:01.675864 [info]: request:HTTP/1.1 200 OK
Content-Length:586
Connection:keep-alive


2020-04-20 19:41:01.675877 [info]: adjust timer once
2020-04-20 19:41:01.675925 [info]: send data to the client(171.88.178.105)
2020-04-20 19:41:01.675936 [info]: adjust timer once
2020-04-20 19:41:04.328169 [info]: deal with the client(171.88.178.105)
2020-04-20 19:41:04.328278 [info]: POST /1 HTTP/1.1
2020-04-20 19:41:04.328295 [info]: Host: www.swjtu.xyz:8000
2020-04-20 19:41:04.328302 [info]: Connection: keep-alive
2020-04-20 19:41:04.328307 [info]: Content-Length: 0
2020-04-20 19:41:04.328314 [info]: Cache-Control: max-age=0
2020-04-20 19:41:04.328319 [info]: oop!unknow header: Cache-Control: max-age=0
2020-04-20 19:41:04.328325 [info]: Origin: http://www.swjtu.xyz:8000
2020-04-20 19:41:04.328330 [info]: oop!unknow header: Origin: http://www.swjtu.xyz:8000
2020-04-20 19:41:04.328336 [info]: Upgrade-Insecure-Requests: 1
2020-04-20 19:41:04.328341 [info]: oop!unknow header: Upgrade-Insecure-Requests: 1
2020-04-20 19:41:04.328346 [info]: Content-Type: application/x-www-form-urlencoded
2020-04-20 19:41:04.328352 [info]: oop!unknow header: Content-Type: application/x-www-form-urlencoded
2020-04-20 19:41:04.328357 [info]: User-Agent: Mozilla/5.0 (Windows NT 10.0; Win64; x64) AppleWebKit/537.36 (KHTML, like Gecko) Chrome/80.0.3987.163 Safari/537.36
2020-04-20 19:41:04.328363 [info]: oop!unknow header: User-Agent: Mozilla/5.0 (Windows NT 10.0; Win64; x64) AppleWebKit/537.36 (KHTML, like Gecko) Chrome/80.0.3987.163 Safari/537.36
2020-04-20 19:41:04.328369 [info]: Accept: text/html,application/xhtml+xml,application/xml;q=0.9,image/webp,image/apng,*/*;q=0.8,application/signed-exchange;v=b3;q=0.9
2020-04-20 19:41:04.328375 [info]: oop!unknow header: Accept: text/html,application/xhtml+xml,application/xml;q=0.9,image/webp,image/apng,*/*;q=0.8,application/signed-exchange;v=b3;q=0.9
2020-04-20 19:41:04.328391 [info]: Referer: http://www.swjtu.xyz:8000/
2020-04-20 19:41:04.328406 [info]: oop!unknow header: Referer: http://www.swjtu.xyz:8000/
2020-04-20 19:41:04.328412 [info]: Accept-Encoding: gzip, deflate
2020-04-20 19:41:04.328418 [info]: oop!unknow header: Accept-Encoding: gzip, deflate
2020-04-20 19:41:04.328427 [info]: Accept-Language: zh-CN,zh;q=0.9
2020-04-20 19:41:04.328449 [info]: oop!unknow header: Accept-Language: zh-CN,zh;q=0.9
2020-04-20 19:41:04.328462 [info]: 
2020-04-20 19:41:04.328524 [info]: request:HTTP/1.1 200 OK

2020-04-20 19:41:04.328547 [info]: request:HTTP/1.1 200 OK
Content-Length:725

2020-04-20 19:41:04.328558 [info]: request:HTTP/1.1 200 OK
Content-Length:725
Connection:keep-alive

2020-04-20 19:41:04.328569 [info]: request:HTTP/1.1 200 OK
Content-Length:725
Connection:keep-alive


2020-04-20 19:41:04.328588 [info]: adjust timer once
2020-04-20 19:41:04.328654 [info]: send data to the client(171.88.178.105)
2020-04-20 19:41:04.328665 [info]: adjust timer once
2020-04-20 19:41:04.520795 [info]: timer tick
2020-04-20 19:41:06.473553 [info]: deal with the client(171.88.178.105)
2020-04-20 19:41:06.473647 [info]: POST /2CGISQL.cgi HTTP/1.1
2020-04-20 19:41:06.473663 [info]: Host: www.swjtu.xyz:8000
2020-04-20 19:41:06.473669 [info]: Connection: keep-alive
2020-04-20 19:41:06.473675 [info]: Content-Length: 29
2020-04-20 19:41:06.473681 [info]: Cache-Control: max-age=0
2020-04-20 19:41:06.473687 [info]: oop!unknow header: Cache-Control: max-age=0
2020-04-20 19:41:06.473692 [info]: Origin: http://www.swjtu.xyz:8000
2020-04-20 19:41:06.473697 [info]: oop!unknow header: Origin: http://www.swjtu.xyz:8000
2020-04-20 19:41:06.473702 [info]: Upgrade-Insecure-Requests: 1
2020-04-20 19:41:06.473708 [info]: oop!unknow header: Upgrade-Insecure-Requests: 1
2020-04-20 19:41:06.473713 [info]: Content-Type: application/x-www-form-urlencoded
2020-04-20 19:41:06.473718 [info]: oop!unknow header: Content-Type: application/x-www-form-urlencoded
2020-04-20 19:41:06.473740 [info]: User-Agent: Mozilla/5.0 (Windows NT 10.0; Win64; x64) AppleWebKit/537.36 (KHTML, like Gecko) Chrome/80.0.3987.163 Safari/537.36
2020-04-20 19:41:06.473747 [info]: oop!unknow header: User-Agent: Mozilla/5.0 (Windows NT 10.0; Win64; x64) AppleWebKit/537.36 (KHTML, like Gecko) Chrome/80.0.3987.163 Safari/537.36
2020-04-20 19:41:06.473753 [info]: Accept: text/html,application/xhtml+xml,application/xml;q=0.9,image/webp,image/apng,*/*;q=0.8,application/signed-exchange;v=b3;q=0.9
2020-04-20 19:41:06.473758 [info]: oop!unknow header: Accept: text/html,application/xhtml+xml,application/xml;q=0.9,image/webp,image/apng,*/*;q=0.8,application/signed-exchange;v=b3;q=0.9
2020-04-20 19:41:06.473764 [info]: Referer: http://www.swjtu.xyz:8000/1
2020-04-20 19:41:06.473769 [info]: oop!unknow header: Referer: http://www.swjtu.xyz:8000/1
2020-04-20 19:41:06.473774 [info]: Accept-Encoding: gzip, deflate
2020-04-20 19:41:06.473779 [info]: oop!unknow header: Accept-Encoding: gzip, deflate
2020-04-20 19:41:06.473784 [info]: Accept-Language: zh-CN,zh;q=0.9
2020-04-20 19:41:06.473788 [info]: oop!unknow header: Accept-Language: zh-CN,zh;q=0.9
2020-04-20 19:41:06.473793 [info]: 
2020-04-20 19:41:06.473798 [info]: user=shengkai&password=123456
2020-04-20 19:41:06.473871 [info]: request:HTTP/1.1 200 OK

2020-04-20 19:41:06.473882 [info]: request:HTTP/1.1 200 OK
Content-Length:723

2020-04-20 19:41:06.473888 [info]: request:HTTP/1.1 200 OK
Content-Length:723
Connection:keep-alive

2020-04-20 19:41:06.473893 [info]: request:HTTP/1.1 200 OK
Content-Length:723
Connection:keep-alive


2020-04-20 19:41:06.473907 [info]: adjust timer once
2020-04-20 19:41:06.473971 [info]: send data to the client(171.88.178.105)
2020-04-20 19:41:06.473983 [info]: adjust timer once
2020-04-20 19:41:09.520950 [info]: timer tick
2020-04-20 19:41:09.751556 [info]: deal with the client(171.88.178.105)
2020-04-20 19:41:09.751645 [info]: POST /5 HTTP/1.1
2020-04-20 19:41:09.751661 [info]: Host: www.swjtu.xyz:8000
2020-04-20 19:41:09.751668 [info]: Connection: keep-alive
2020-04-20 19:41:09.751673 [info]: Content-Length: 0
2020-04-20 19:41:09.751679 [info]: Cache-Control: max-age=0
2020-04-20 19:41:09.751684 [info]: oop!unknow header: Cache-Control: max-age=0
2020-04-20 19:41:09.751690 [info]: Origin: http://www.swjtu.xyz:8000
2020-04-20 19:41:09.751695 [info]: oop!unknow header: Origin: http://www.swjtu.xyz:8000
2020-04-20 19:41:09.751701 [info]: Upgrade-Insecure-Requests: 1
2020-04-20 19:41:09.751706 [info]: oop!unknow header: Upgrade-Insecure-Requests: 1
2020-04-20 19:41:09.751711 [info]: Content-Type: application/x-www-form-urlencoded
2020-04-20 19:41:09.751717 [info]: oop!unknow header: Content-Type: application/x-www-form-urlencoded
2020-04-20 19:41:09.751722 [info]: User-Agent: Mozilla/5.0 (Windows NT 10.0; Win64; x64) AppleWebKit/537.36 (KHTML, like Gecko) Chrome/80.0.3987.163 Safari/537.36
2020-04-20 19:41:09.751728 [info]: oop!unknow header: User-Agent: Mozilla/5.0 (Windows NT 10.0; Win64; x64) AppleWebKit/537.36 (KHTML, like Gecko) Chrome/80.0.3987.163 Safari/537.36
2020-04-20 19:41:09.751734 [info]: Accept: text/html,application/xhtml+xml,application/xml;q=0.9,image/webp,image/apng,*/*;q=0.8,application/signed-exchange;v=b3;q=0.9
2020-04-20 19:41:09.751740 [info]: oop!unknow header: Accept: text/html,application/xhtml+xml,application/xml;q=0.9,image/webp,image/apng,*/*;q=0.8,application/signed-exchange;v=b3;q=0.9
2020-04-20 19:41:09.751745 [info]: Referer: http://www.swjtu.xyz:8000/2CGISQL.cgi
2020-04-20 19:41:09.751750 [info]: oop!unknow header: Referer: http://www.swjtu.xyz:8000/2CGISQL.cgi
2020-04-20 19:41:09.751756 [info]: Accept-Encoding: gzip, deflate
2020-04-20 19:41:09.751761 [info]: oop!unknow header: Accept-Encoding: gzip, deflate
2020-04-20 19:41:09.751766 [info]: Accept-Language: zh-CN,zh;q=0.9
2020-04-20 19:41:09.751771 [info]: oop!unknow header: Accept-Language: zh-CN,zh;q=0.9
2020-04-20 19:41:09.751776 [info]: 
2020-04-20 19:41:09.751811 [info]: request:HTTP/1.1 200 OK

2020-04-20 19:41:09.751818 [info]: request:HTTP/1.1 200 OK
Content-Length:360

2020-04-20 19:41:09.751839 [info]: request:HTTP/1.1 200 OK
Content-Length:360
Connection:keep-alive

2020-04-20 19:41:09.751845 [info]: request:HTTP/1.1 200 OK
Content-Length:360
Connection:keep-alive


2020-04-20 19:41:09.751859 [info]: adjust timer once
2020-04-20 19:41:09.751924 [info]: send data to the client(171.88.178.105)
2020-04-20 19:41:09.751936 [info]: adjust timer once
2020-04-20 19:41:09.822228 [info]: deal with the client(171.88.178.105)
2020-04-20 19:41:09.822334 [info]: GET /xxx.jpg HTTP/1.1
2020-04-20 19:41:09.822351 [info]: Host: www.swjtu.xyz:8000
2020-04-20 19:41:09.822358 [info]: Connection: keep-alive
2020-04-20 19:41:09.822364 [info]: User-Agent: Mozilla/5.0 (Windows NT 10.0; Win64; x64) AppleWebKit/537.36 (KHTML, like Gecko) Chrome/80.0.3987.163 Safari/537.36
2020-04-20 19:41:09.822371 [info]: oop!unknow header: User-Agent: Mozilla/5.0 (Windows NT 10.0; Win64; x64) AppleWebKit/537.36 (KHTML, like Gecko) Chrome/80.0.3987.163 Safari/537.36
2020-04-20 19:41:09.822377 [info]: Accept: image/webp,image/apng,image/*,*/*;q=0.8
2020-04-20 19:41:09.822382 [info]: oop!unknow header: Accept: image/webp,image/apng,image/*,*/*;q=0.8
2020-04-20 19:41:09.822388 [info]: Referer: http://www.swjtu.xyz:8000/5
2020-04-20 19:41:09.822410 [info]: oop!unknow header: Referer: http://www.swjtu.xyz:8000/5
2020-04-20 19:41:09.822417 [info]: Accept-Encoding: gzip, deflate
2020-04-20 19:41:09.822422 [info]: oop!unknow header: Accept-Encoding: gzip, deflate
2020-04-20 19:41:09.822428 [info]: Accept-Language: zh-CN,zh;q=0.9
2020-04-20 19:41:09.822433 [info]: oop!unknow header: Accept-Language: zh-CN,zh;q=0.9
2020-04-20 19:41:09.822438 [info]: 
2020-04-20 19:41:09.822476 [info]: request:HTTP/1.1 200 OK

2020-04-20 19:41:09.822483 [info]: request:HTTP/1.1 200 OK
Content-Length:6007312

2020-04-20 19:41:09.822502 [info]: request:HTTP/1.1 200 OK
Content-Length:6007312
Connection:keep-alive

2020-04-20 19:41:09.822508 [info]: request:HTTP/1.1 200 OK
Content-Length:6007312
Connection:keep-alive


2020-04-20 19:41:09.822523 [info]: adjust timer once
2020-04-20 19:41:09.822643 [info]: send data to the client(171.88.178.105)
2020-04-20 19:41:09.822654 [info]: adjust timer once
2020-04-20 19:41:09.950736 [info]: send data to the client(171.88.178.105)
2020-04-20 19:41:09.950828 [info]: adjust timer once
2020-04-20 19:41:10.098519 [info]: send data to the client(171.88.178.105)
2020-04-20 19:41:10.098588 [info]: adjust timer once
2020-04-20 19:41:10.126580 [info]: send data to the client(171.88.178.105)
2020-04-20 19:41:10.126668 [info]: adjust timer once
2020-04-20 19:41:11.193587 [info]: send data to the client(171.88.178.105)
2020-04-20 19:41:11.193664 [info]: adjust timer once
2020-04-20 19:41:12.957875 [info]: send data to the client(171.88.178.105)
2020-04-20 19:41:12.957947 [info]: adjust timer once
2020-04-20 19:41:14.093892 [info]: send data to the client(171.88.178.105)
2020-04-20 19:41:14.093962 [info]: adjust timer once
2020-04-20 19:41:14.521139 [info]: timer tick
2020-04-20 19:41:15.996312 [info]: send data to the client(171.88.178.105)
2020-04-20 19:41:15.996417 [info]: adjust timer once
2020-04-20 19:41:17.860651 [info]: send data to the client(171.88.178.105)
2020-04-20 19:41:17.860719 [info]: adjust timer once
2020-04-20 19:41:19.521342 [info]: timer tick
2020-04-20 19:41:19.711087 [info]: send data to the client(171.88.178.105)
2020-04-20 19:41:19.711169 [info]: adjust timer once
2020-04-20 19:41:21.732790 [info]: send data to the client(171.88.178.105)
2020-04-20 19:41:21.732861 [info]: adjust timer once
2020-04-20 19:41:23.614755 [info]: send data to the client(171.88.178.105)
2020-04-20 19:41:23.614844 [info]: adjust timer once
2020-04-20 19:41:24.521532 [info]: timer tick
2020-04-20 19:41:25.454696 [info]: send data to the client(171.88.178.105)
2020-04-20 19:41:25.454765 [info]: adjust timer once
2020-04-20 19:41:27.397751 [info]: send data to the client(171.88.178.105)
2020-04-20 19:41:27.397812 [info]: adjust timer once
2020-04-20 19:41:28.898113 [info]: send data to the client(171.88.178.105)
2020-04-20 19:41:28.898208 [info]: adjust timer once
2020-04-20 19:41:29.521707 [info]: timer tick
2020-04-20 19:41:30.763838 [info]: send data to the client(171.88.178.105)
2020-04-20 19:41:30.763908 [info]: adjust timer once
2020-04-20 19:41:32.560503 [info]: send data to the client(171.88.178.105)
2020-04-20 19:41:32.560601 [info]: adjust timer once
2020-04-20 19:41:34.521874 [info]: timer tick
2020-04-20 19:41:34.530027 [info]: send data to the client(171.88.178.105)
2020-04-20 19:41:34.530055 [info]: adjust timer once
2020-04-20 19:41:36.434287 [info]: send data to the client(171.88.178.105)
2020-04-20 19:41:36.434365 [info]: adjust timer once
2020-04-20 19:41:38.329496 [info]: send data to the client(171.88.178.105)
2020-04-20 19:41:38.329580 [info]: adjust timer once
2020-04-20 19:41:39.522033 [info]: timer tick
2020-04-20 19:41:40.205423 [info]: send data to the client(171.88.178.105)
2020-04-20 19:41:40.205499 [info]: adjust timer once
2020-04-20 19:41:42.073435 [info]: send data to the client(171.88.178.105)
2020-04-20 19:41:42.073512 [info]: adjust timer once
2020-04-20 19:41:44.031078 [info]: send data to the client(171.88.178.105)
2020-04-20 19:41:44.031146 [info]: adjust timer once
2020-04-20 19:41:44.522239 [info]: timer tick
2020-04-20 19:41:45.936992 [info]: send data to the client(171.88.178.105)
2020-04-20 19:41:45.937077 [info]: adjust timer once
2020-04-20 19:41:47.795547 [info]: send data to the client(171.88.178.105)
2020-04-20 19:41:47.795624 [info]: adjust timer once
2020-04-20 19:41:49.522432 [info]: timer tick
2020-04-20 19:41:49.765424 [info]: send data to the client(171.88.178.105)
2020-04-20 19:41:49.765506 [info]: adjust timer once
2020-04-20 19:41:54.522602 [info]: timer tick
2020-04-20 19:41:59.522774 [info]: timer tick
2020-04-20 19:42:04.522959 [info]: timer tick
2020-04-20 19:42:04.523115 [info]: close fd 16
2020-04-20 19:42:10.860680 [info]: close fd 16
2020-04-20 19:42:11.028673 [info]: deal with the client(124.225.40.98)
2020-04-20 19:42:11.028783 [info]: adjust timer once
2020-04-20 19:42:12.141207 [info]: close fd 17
2020-04-20 19:42:12.361510 [info]: deal with the client(182.138.137.183)
2020-04-20 19:42:12.361610 [info]: HEAD http://123.125.114.144/ HTTP/1.1
2020-04-20 19:42:12.361627 [info]: request:HTTP/1.1 404 Not Found

2020-04-20 19:42:12.361634 [info]: request:HTTP/1.1 404 Not Found
Content-Length:49

2020-04-20 19:42:12.361640 [info]: request:HTTP/1.1 404 Not Found
Content-Length:49
Connection:close

2020-04-20 19:42:12.361646 [info]: request:HTTP/1.1 404 Not Found
Content-Length:49
Connection:close


2020-04-20 19:42:12.361651 [info]: request:HTTP/1.1 404 Not Found
Content-Length:49
Connection:close

The requested file was not found on this server.

2020-04-20 19:42:12.361667 [info]: adjust timer once
2020-04-20 19:42:12.361708 [info]: close fd 17
2020-04-20 19:42:13.772300 [info]: close fd 16
2020-04-20 20:02:04.982753 [info]: deal with the client(171.88.178.105)
2020-04-20 20:02:04.982847 [info]: GET / HTTP/1.1
2020-04-20 20:02:04.982862 [info]: Host: www.swjtu.xyz:8000
2020-04-20 20:02:04.982869 [info]: Connection: keep-alive
2020-04-20 20:02:04.982875 [info]: Upgrade-Insecure-Requests: 1
2020-04-20 20:02:04.982881 [info]: oop!unknow header: Upgrade-Insecure-Requests: 1
2020-04-20 20:02:04.982887 [info]: User-Agent: Mozilla/5.0 (Windows NT 10.0; Win64; x64) AppleWebKit/537.36 (KHTML, like Gecko) Chrome/80.0.3987.163 Safari/537.36
2020-04-20 20:02:04.982894 [info]: oop!unknow header: User-Agent: Mozilla/5.0 (Windows NT 10.0; Win64; x64) AppleWebKit/537.36 (KHTML, like Gecko) Chrome/80.0.3987.163 Safari/537.36
2020-04-20 20:02:04.982900 [info]: Accept: text/html,application/xhtml+xml,application/xml;q=0.9,image/webp,image/apng,*/*;q=0.8,application/signed-exchange;v=b3;q=0.9
2020-04-20 20:02:04.982906 [info]: oop!unknow header: Accept: text/html,application/xhtml+xml,application/xml;q=0.9,image/webp,image/apng,*/*;q=0.8,application/signed-exchange;v=b3;q=0.9
2020-04-20 20:02:04.982911 [info]: Accept-Encoding: gzip, deflate
2020-04-20 20:02:04.982932 [info]: oop!unknow header: Accept-Encoding: gzip, deflate
2020-04-20 20:02:04.982938 [info]: Accept-Language: zh-CN,zh;q=0.9
2020-04-20 20:02:04.982943 [info]: oop!unknow header: Accept-Language: zh-CN,zh;q=0.9
2020-04-20 20:02:04.982948 [info]: 
2020-04-20 20:02:04.982982 [info]: request:HTTP/1.1 200 OK

2020-04-20 20:02:04.982989 [info]: request:HTTP/1.1 200 OK
Content-Length:586

2020-04-20 20:02:04.982995 [info]: request:HTTP/1.1 200 OK
Content-Length:586
Connection:keep-alive

2020-04-20 20:02:04.983000 [info]: request:HTTP/1.1 200 OK
Content-Length:586
Connection:keep-alive


2020-04-20 20:02:04.983012 [info]: adjust timer once
2020-04-20 20:02:04.983063 [info]: send data to the client(171.88.178.105)
2020-04-20 20:02:04.983074 [info]: adjust timer once
2020-04-20 20:02:09.541995 [info]: timer tick
2020-04-20 20:02:14.542181 [info]: timer tick
2020-04-20 20:02:16.874081 [info]: deal with the client(171.88.178.105)
2020-04-20 20:02:16.874203 [info]: POST /1 HTTP/1.1
2020-04-20 20:02:16.874234 [info]: Host: www.swjtu.xyz:8000
2020-04-20 20:02:16.874247 [info]: Connection: keep-alive
2020-04-20 20:02:16.874253 [info]: Content-Length: 0
2020-04-20 20:02:16.874260 [info]: Cache-Control: max-age=0
2020-04-20 20:02:16.874265 [info]: oop!unknow header: Cache-Control: max-age=0
2020-04-20 20:02:16.874271 [info]: Origin: http://www.swjtu.xyz:8000
2020-04-20 20:02:16.874276 [info]: oop!unknow header: Origin: http://www.swjtu.xyz:8000
2020-04-20 20:02:16.874281 [info]: Upgrade-Insecure-Requests: 1
2020-04-20 20:02:16.874286 [info]: oop!unknow header: Upgrade-Insecure-Requests: 1
2020-04-20 20:02:16.874292 [info]: Content-Type: application/x-www-form-urlencoded
2020-04-20 20:02:16.874297 [info]: oop!unknow header: Content-Type: application/x-www-form-urlencoded
2020-04-20 20:02:16.874303 [info]: User-Agent: Mozilla/5.0 (Windows NT 10.0; Win64; x64) AppleWebKit/537.36 (KHTML, like Gecko) Chrome/80.0.3987.163 Safari/537.36
2020-04-20 20:02:16.874309 [info]: oop!unknow header: User-Agent: Mozilla/5.0 (Windows NT 10.0; Win64; x64) AppleWebKit/537.36 (KHTML, like Gecko) Chrome/80.0.3987.163 Safari/537.36
2020-04-20 20:02:16.874316 [info]: Accept: text/html,application/xhtml+xml,application/xml;q=0.9,image/webp,image/apng,*/*;q=0.8,application/signed-exchange;v=b3;q=0.9
2020-04-20 20:02:16.874321 [info]: oop!unknow header: Accept: text/html,application/xhtml+xml,application/xml;q=0.9,image/webp,image/apng,*/*;q=0.8,application/signed-exchange;v=b3;q=0.9
2020-04-20 20:02:16.874326 [info]: Referer: http://www.swjtu.xyz:8000/
2020-04-20 20:02:16.874332 [info]: oop!unknow header: Referer: http://www.swjtu.xyz:8000/
2020-04-20 20:02:16.874337 [info]: Accept-Encoding: gzip, deflate
2020-04-20 20:02:16.874342 [info]: oop!unknow header: Accept-Encoding: gzip, deflate
2020-04-20 20:02:16.874347 [info]: Accept-Language: zh-CN,zh;q=0.9
2020-04-20 20:02:16.874352 [info]: oop!unknow header: Accept-Language: zh-CN,zh;q=0.9
2020-04-20 20:02:16.874357 [info]: 
2020-04-20 20:02:16.874413 [info]: request:HTTP/1.1 200 OK

2020-04-20 20:02:16.874429 [info]: request:HTTP/1.1 200 OK
Content-Length:725

2020-04-20 20:02:16.874436 [info]: request:HTTP/1.1 200 OK
Content-Length:725
Connection:keep-alive

2020-04-20 20:02:16.874441 [info]: request:HTTP/1.1 200 OK
Content-Length:725
Connection:keep-alive


2020-04-20 20:02:16.874457 [info]: adjust timer once
2020-04-20 20:02:16.874537 [info]: send data to the client(171.88.178.105)
2020-04-20 20:02:16.874553 [info]: adjust timer once
2020-04-20 20:02:19.524528 [info]: deal with the client(171.88.178.105)
2020-04-20 20:02:19.524625 [info]: POST /2CGISQL.cgi HTTP/1.1
2020-04-20 20:02:19.524643 [info]: Host: www.swjtu.xyz:8000
2020-04-20 20:02:19.524654 [info]: Connection: keep-alive
2020-04-20 20:02:19.524663 [info]: Content-Length: 29
2020-04-20 20:02:19.524674 [info]: Cache-Control: max-age=0
2020-04-20 20:02:19.524684 [info]: oop!unknow header: Cache-Control: max-age=0
2020-04-20 20:02:19.524693 [info]: Origin: http://www.swjtu.xyz:8000
2020-04-20 20:02:19.524725 [info]: oop!unknow header: Origin: http://www.swjtu.xyz:8000
2020-04-20 20:02:19.524737 [info]: Upgrade-Insecure-Requests: 1
2020-04-20 20:02:19.524747 [info]: oop!unknow header: Upgrade-Insecure-Requests: 1
2020-04-20 20:02:19.524756 [info]: Content-Type: application/x-www-form-urlencoded
2020-04-20 20:02:19.524766 [info]: oop!unknow header: Content-Type: application/x-www-form-urlencoded
2020-04-20 20:02:19.524775 [info]: User-Agent: Mozilla/5.0 (Windows NT 10.0; Win64; x64) AppleWebKit/537.36 (KHTML, like Gecko) Chrome/80.0.3987.163 Safari/537.36
2020-04-20 20:02:19.524786 [info]: oop!unknow header: User-Agent: Mozilla/5.0 (Windows NT 10.0; Win64; x64) AppleWebKit/537.36 (KHTML, like Gecko) Chrome/80.0.3987.163 Safari/537.36
2020-04-20 20:02:19.524795 [info]: Accept: text/html,application/xhtml+xml,application/xml;q=0.9,image/webp,image/apng,*/*;q=0.8,application/signed-exchange;v=b3;q=0.9
2020-04-20 20:02:19.524801 [info]: oop!unknow header: Accept: text/html,application/xhtml+xml,application/xml;q=0.9,image/webp,image/apng,*/*;q=0.8,application/signed-exchange;v=b3;q=0.9
2020-04-20 20:02:19.524806 [info]: Referer: http://www.swjtu.xyz:8000/1
2020-04-20 20:02:19.524811 [info]: oop!unknow header: Referer: http://www.swjtu.xyz:8000/1
2020-04-20 20:02:19.524816 [info]: Accept-Encoding: gzip, deflate
2020-04-20 20:02:19.524821 [info]: oop!unknow header: Accept-Encoding: gzip, deflate
2020-04-20 20:02:19.524826 [info]: Accept-Language: zh-CN,zh;q=0.9
2020-04-20 20:02:19.524831 [info]: oop!unknow header: Accept-Language: zh-CN,zh;q=0.9
2020-04-20 20:02:19.524837 [info]: 
2020-04-20 20:02:19.524843 [info]: user=shengkai&password=123456
2020-04-20 20:02:19.524887 [info]: request:HTTP/1.1 200 OK

2020-04-20 20:02:19.524897 [info]: request:HTTP/1.1 200 OK
Content-Length:723

2020-04-20 20:02:19.524903 [info]: request:HTTP/1.1 200 OK
Content-Length:723
Connection:keep-alive

2020-04-20 20:02:19.524910 [info]: request:HTTP/1.1 200 OK
Content-Length:723
Connection:keep-alive


2020-04-20 20:02:19.524925 [info]: adjust timer once
2020-04-20 20:02:19.524993 [info]: send data to the client(171.88.178.105)
2020-04-20 20:02:19.525004 [info]: adjust timer once
2020-04-20 20:02:19.542348 [info]: timer tick
2020-04-20 20:02:21.377876 [info]: deal with the client(171.88.178.105)
2020-04-20 20:02:21.377974 [info]: POST /5 HTTP/1.1
2020-04-20 20:02:21.377993 [info]: Host: www.swjtu.xyz:8000
2020-04-20 20:02:21.378000 [info]: Connection: keep-alive
2020-04-20 20:02:21.378005 [info]: Content-Length: 0
2020-04-20 20:02:21.378011 [info]: Cache-Control: max-age=0
2020-04-20 20:02:21.378017 [info]: oop!unknow header: Cache-Control: max-age=0
2020-04-20 20:02:21.378022 [info]: Origin: http://www.swjtu.xyz:8000
2020-04-20 20:02:21.378027 [info]: oop!unknow header: Origin: http://www.swjtu.xyz:8000
2020-04-20 20:02:21.378033 [info]: Upgrade-Insecure-Requests: 1
2020-04-20 20:02:21.378038 [info]: oop!unknow header: Upgrade-Insecure-Requests: 1
2020-04-20 20:02:21.378043 [info]: Content-Type: application/x-www-form-urlencoded
2020-04-20 20:02:21.378048 [info]: oop!unknow header: Content-Type: application/x-www-form-urlencoded
2020-04-20 20:02:21.378053 [info]: User-Agent: Mozilla/5.0 (Windows NT 10.0; Win64; x64) AppleWebKit/537.36 (KHTML, like Gecko) Chrome/80.0.3987.163 Safari/537.36
2020-04-20 20:02:21.378059 [info]: oop!unknow header: User-Agent: Mozilla/5.0 (Windows NT 10.0; Win64; x64) AppleWebKit/537.36 (KHTML, like Gecko) Chrome/80.0.3987.163 Safari/537.36
2020-04-20 20:02:21.378065 [info]: Accept: text/html,application/xhtml+xml,application/xml;q=0.9,image/webp,image/apng,*/*;q=0.8,application/signed-exchange;v=b3;q=0.9
2020-04-20 20:02:21.378070 [info]: oop!unknow header: Accept: text/html,application/xhtml+xml,application/xml;q=0.9,image/webp,image/apng,*/*;q=0.8,application/signed-exchange;v=b3;q=0.9
2020-04-20 20:02:21.378075 [info]: Referer: http://www.swjtu.xyz:8000/2CGISQL.cgi
2020-04-20 20:02:21.378080 [info]: oop!unknow header: Referer: http://www.swjtu.xyz:8000/2CGISQL.cgi
2020-04-20 20:02:21.378085 [info]: Accept-Encoding: gzip, deflate
2020-04-20 20:02:21.378106 [info]: oop!unknow header: Accept-Encoding: gzip, deflate
2020-04-20 20:02:21.378116 [info]: Accept-Language: zh-CN,zh;q=0.9
2020-04-20 20:02:21.378125 [info]: oop!unknow header: Accept-Language: zh-CN,zh;q=0.9
2020-04-20 20:02:21.378134 [info]: 
2020-04-20 20:02:21.378183 [info]: request:HTTP/1.1 200 OK

2020-04-20 20:02:21.378198 [info]: request:HTTP/1.1 200 OK
Content-Length:360

2020-04-20 20:02:21.378207 [info]: request:HTTP/1.1 200 OK
Content-Length:360
Connection:keep-alive

2020-04-20 20:02:21.378217 [info]: request:HTTP/1.1 200 OK
Content-Length:360
Connection:keep-alive


2020-04-20 20:02:21.378236 [info]: adjust timer once
2020-04-20 20:02:21.378306 [info]: send data to the client(171.88.178.105)
2020-04-20 20:02:21.378318 [info]: adjust timer once
2020-04-20 20:02:21.484082 [info]: deal with the client(171.88.178.105)
2020-04-20 20:02:21.484173 [info]: GET /xxx.jpg HTTP/1.1
2020-04-20 20:02:21.484188 [info]: Host: www.swjtu.xyz:8000
2020-04-20 20:02:21.484195 [info]: Connection: keep-alive
2020-04-20 20:02:21.484201 [info]: User-Agent: Mozilla/5.0 (Windows NT 10.0; Win64; x64) AppleWebKit/537.36 (KHTML, like Gecko) Chrome/80.0.3987.163 Safari/537.36
2020-04-20 20:02:21.484209 [info]: oop!unknow header: User-Agent: Mozilla/5.0 (Windows NT 10.0; Win64; x64) AppleWebKit/537.36 (KHTML, like Gecko) Chrome/80.0.3987.163 Safari/537.36
2020-04-20 20:02:21.484215 [info]: Accept: image/webp,image/apng,image/*,*/*;q=0.8
2020-04-20 20:02:21.484220 [info]: oop!unknow header: Accept: image/webp,image/apng,image/*,*/*;q=0.8
2020-04-20 20:02:21.484226 [info]: Referer: http://www.swjtu.xyz:8000/5
2020-04-20 20:02:21.484231 [info]: oop!unknow header: Referer: http://www.swjtu.xyz:8000/5
2020-04-20 20:02:21.484236 [info]: Accept-Encoding: gzip, deflate
2020-04-20 20:02:21.484241 [info]: oop!unknow header: Accept-Encoding: gzip, deflate
2020-04-20 20:02:21.484246 [info]: Accept-Language: zh-CN,zh;q=0.9
2020-04-20 20:02:21.484251 [info]: oop!unknow header: Accept-Language: zh-CN,zh;q=0.9
2020-04-20 20:02:21.484256 [info]: 
2020-04-20 20:02:21.484295 [info]: request:HTTP/1.1 200 OK

2020-04-20 20:02:21.484302 [info]: request:HTTP/1.1 200 OK
Content-Length:6007312

2020-04-20 20:02:21.484307 [info]: request:HTTP/1.1 200 OK
Content-Length:6007312
Connection:keep-alive

2020-04-20 20:02:21.484313 [info]: request:HTTP/1.1 200 OK
Content-Length:6007312
Connection:keep-alive


2020-04-20 20:02:21.484326 [info]: adjust timer once
2020-04-20 20:02:21.484466 [info]: send data to the client(171.88.178.105)
2020-04-20 20:02:21.484504 [info]: adjust timer once
2020-04-20 20:02:21.868823 [info]: send data to the client(171.88.178.105)
2020-04-20 20:02:21.868899 [info]: adjust timer once
2020-04-20 20:02:22.137717 [info]: send data to the client(171.88.178.105)
2020-04-20 20:02:22.137783 [info]: adjust timer once
2020-04-20 20:02:22.388590 [info]: send data to the client(171.88.178.105)
2020-04-20 20:02:22.388676 [info]: adjust timer once
2020-04-20 20:02:22.488697 [info]: send data to the client(171.88.178.105)
2020-04-20 20:02:22.488794 [info]: adjust timer once
2020-04-20 20:02:22.585372 [info]: send data to the client(171.88.178.105)
2020-04-20 20:02:22.585454 [info]: adjust timer once
2020-04-20 20:02:22.835013 [info]: send data to the client(171.88.178.105)
2020-04-20 20:02:22.835081 [info]: adjust timer once
2020-04-20 20:02:23.066113 [info]: send data to the client(171.88.178.105)
2020-04-20 20:02:23.066201 [info]: adjust timer once
2020-04-20 20:02:23.706266 [info]: send data to the client(171.88.178.105)
2020-04-20 20:02:23.706343 [info]: adjust timer once
2020-04-20 20:02:24.461387 [info]: send data to the client(171.88.178.105)
2020-04-20 20:02:24.461468 [info]: adjust timer once
2020-04-20 20:02:24.542513 [info]: timer tick
2020-04-20 20:02:25.125251 [info]: send data to the client(171.88.178.105)
2020-04-20 20:02:25.125315 [info]: adjust timer once
2020-04-20 20:02:25.975457 [info]: send data to the client(171.88.178.105)
2020-04-20 20:02:25.975540 [info]: adjust timer once
2020-04-20 20:02:26.508784 [info]: send data to the client(171.88.178.105)
2020-04-20 20:02:26.508860 [info]: adjust timer once
2020-04-20 20:02:27.161255 [info]: send data to the client(171.88.178.105)
2020-04-20 20:02:27.161326 [info]: adjust timer once
2020-04-20 20:02:27.921559 [info]: send data to the client(171.88.178.105)
2020-04-20 20:02:27.921629 [info]: adjust timer once
2020-04-20 20:02:28.502453 [info]: send data to the client(171.88.178.105)
2020-04-20 20:02:28.502531 [info]: adjust timer once
2020-04-20 20:02:29.288069 [info]: send data to the client(171.88.178.105)
2020-04-20 20:02:29.288165 [info]: adjust timer once
2020-04-20 20:02:29.542717 [info]: timer tick
2020-04-20 20:02:29.984893 [info]: send data to the client(171.88.178.105)
2020-04-20 20:02:29.984963 [info]: adjust timer once
2020-04-20 20:02:30.679126 [info]: send data to the client(171.88.178.105)
2020-04-20 20:02:30.679196 [info]: adjust timer once
2020-04-20 20:02:31.286443 [info]: send data to the client(171.88.178.105)
2020-04-20 20:02:31.286514 [info]: adjust timer once
2020-04-20 20:02:32.181209 [info]: send data to the client(171.88.178.105)
2020-04-20 20:02:32.181280 [info]: adjust timer once
2020-04-20 20:02:32.686570 [info]: send data to the client(171.88.178.105)
2020-04-20 20:02:32.686664 [info]: adjust timer once
2020-04-20 20:02:33.342987 [info]: send data to the client(171.88.178.105)
2020-04-20 20:02:33.343074 [info]: adjust timer once
2020-04-20 20:02:34.059455 [info]: send data to the client(171.88.178.105)
2020-04-20 20:02:34.059522 [info]: adjust timer once
2020-04-20 20:02:34.542912 [info]: timer tick
2020-04-20 20:02:34.881050 [info]: send data to the client(171.88.178.105)
2020-04-20 20:02:34.881121 [info]: adjust timer once
2020-04-20 20:02:35.539334 [info]: send data to the client(171.88.178.105)
2020-04-20 20:02:35.539434 [info]: adjust timer once
2020-04-20 20:02:36.412541 [info]: send data to the client(171.88.178.105)
2020-04-20 20:02:36.412625 [info]: adjust timer once
2020-04-20 20:02:37.033002 [info]: send data to the client(171.88.178.105)
2020-04-20 20:02:37.033074 [info]: adjust timer once
2020-04-20 20:02:37.678806 [info]: send data to the client(171.88.178.105)
2020-04-20 20:02:37.678877 [info]: adjust timer once
2020-04-20 20:02:38.366520 [info]: send data to the client(171.88.178.105)
2020-04-20 20:02:38.366599 [info]: adjust timer once
2020-04-20 20:02:38.910824 [info]: send data to the client(171.88.178.105)
2020-04-20 20:02:38.910914 [info]: adjust timer once
2020-04-20 20:02:39.543078 [info]: timer tick
2020-04-20 20:02:39.741939 [info]: send data to the client(171.88.178.105)
2020-04-20 20:02:39.742016 [info]: adjust timer once
2020-04-20 20:02:40.280268 [info]: send data to the client(171.88.178.105)
2020-04-20 20:02:40.280341 [info]: adjust timer once
2020-04-20 20:02:40.970423 [info]: send data to the client(171.88.178.105)
2020-04-20 20:02:40.970492 [info]: adjust timer once
2020-04-20 20:02:41.651512 [info]: send data to the client(171.88.178.105)
2020-04-20 20:02:41.651582 [info]: adjust timer once
2020-04-20 20:02:42.312826 [info]: send data to the client(171.88.178.105)
2020-04-20 20:02:42.312897 [info]: adjust timer once
2020-04-20 20:02:43.031051 [info]: send data to the client(171.88.178.105)
2020-04-20 20:02:43.031146 [info]: adjust timer once
2020-04-20 20:02:43.702707 [info]: send data to the client(171.88.178.105)
2020-04-20 20:02:43.702775 [info]: adjust timer once
2020-04-20 20:02:44.392778 [info]: send data to the client(171.88.178.105)
2020-04-20 20:02:44.392856 [info]: adjust timer once
2020-04-20 20:02:44.543250 [info]: timer tick
2020-04-20 20:02:44.968282 [info]: send data to the client(171.88.178.105)
2020-04-20 20:02:44.968350 [info]: adjust timer once
2020-04-20 20:02:45.681914 [info]: send data to the client(171.88.178.105)
2020-04-20 20:02:45.681984 [info]: adjust timer once
2020-04-20 20:02:46.288565 [info]: send data to the client(171.88.178.105)
2020-04-20 20:02:46.288637 [info]: adjust timer once
2020-04-20 20:02:46.942194 [info]: send data to the client(171.88.178.105)
2020-04-20 20:02:46.942290 [info]: adjust timer once
2020-04-20 20:02:47.615674 [info]: send data to the client(171.88.178.105)
2020-04-20 20:02:47.615741 [info]: adjust timer once
2020-04-20 20:02:48.350561 [info]: send data to the client(171.88.178.105)
2020-04-20 20:02:48.350641 [info]: adjust timer once
2020-04-20 20:02:49.025051 [info]: send data to the client(171.88.178.105)
2020-04-20 20:02:49.025130 [info]: adjust timer once
2020-04-20 20:02:49.543427 [info]: timer tick
2020-04-20 20:02:49.682181 [info]: send data to the client(171.88.178.105)
2020-04-20 20:02:49.682254 [info]: adjust timer once
2020-04-20 20:02:50.210898 [info]: send data to the client(171.88.178.105)
2020-04-20 20:02:50.210965 [info]: adjust timer once
2020-04-20 20:02:50.940595 [info]: send data to the client(171.88.178.105)
2020-04-20 20:02:50.940670 [info]: adjust timer once
2020-04-20 20:02:51.578548 [info]: send data to the client(171.88.178.105)
2020-04-20 20:02:51.578610 [info]: adjust timer once
2020-04-20 20:02:52.332200 [info]: send data to the client(171.88.178.105)
2020-04-20 20:02:52.332267 [info]: adjust timer once
2020-04-20 20:02:52.866938 [info]: send data to the client(171.88.178.105)
2020-04-20 20:02:52.867006 [info]: adjust timer once
2020-04-20 20:02:53.444234 [info]: send data to the client(171.88.178.105)
2020-04-20 20:02:53.444299 [info]: adjust timer once
2020-04-20 20:02:54.181850 [info]: send data to the client(171.88.178.105)
2020-04-20 20:02:54.181916 [info]: adjust timer once
2020-04-20 20:02:54.543573 [info]: timer tick
2020-04-20 20:02:54.793351 [info]: send data to the client(171.88.178.105)
2020-04-20 20:02:54.793443 [info]: adjust timer once
2020-04-20 20:02:55.470189 [info]: send data to the client(171.88.178.105)
2020-04-20 20:02:55.470265 [info]: adjust timer once
2020-04-20 20:02:56.211425 [info]: send data to the client(171.88.178.105)
2020-04-20 20:02:56.211496 [info]: adjust timer once
2020-04-20 20:02:56.972300 [info]: send data to the client(171.88.178.105)
2020-04-20 20:02:56.972376 [info]: adjust timer once
2020-04-20 20:02:57.551409 [info]: send data to the client(171.88.178.105)
2020-04-20 20:02:57.551477 [info]: adjust timer once
2020-04-20 20:02:58.158885 [info]: send data to the client(171.88.178.105)
2020-04-20 20:02:58.158959 [info]: adjust timer once
2020-04-20 20:02:59.101619 [info]: send data to the client(171.88.178.105)
2020-04-20 20:02:59.101689 [info]: adjust timer once
2020-04-20 20:02:59.543773 [info]: timer tick
2020-04-20 20:02:59.737655 [info]: send data to the client(171.88.178.105)
2020-04-20 20:02:59.737735 [info]: adjust timer once
2020-04-20 20:03:00.246600 [info]: send data to the client(171.88.178.105)
2020-04-20 20:03:00.246689 [info]: adjust timer once
2020-04-20 20:03:00.394363 [info]: send data to the client(171.88.178.105)
2020-04-20 20:03:00.394455 [info]: adjust timer once
2020-04-20 20:03:00.702112 [info]: send data to the client(171.88.178.105)
2020-04-20 20:03:00.702187 [info]: adjust timer once
2020-04-20 20:03:01.317810 [info]: send data to the client(171.88.178.105)
2020-04-20 20:03:01.317884 [info]: adjust timer once
2020-04-20 20:03:01.363323 [info]: close fd 16
2020-04-20 20:08:03.227552 [info]: deal with the client(171.88.178.105)
2020-04-20 20:08:03.227674 [info]: GET / HTTP/1.1
2020-04-20 20:08:03.227703 [info]: Host: www.swjtu.xyz:8000
2020-04-20 20:08:03.227717 [info]: Connection: keep-alive
2020-04-20 20:08:03.227724 [info]: Upgrade-Insecure-Requests: 1
2020-04-20 20:08:03.227731 [info]: oop!unknow header: Upgrade-Insecure-Requests: 1
2020-04-20 20:08:03.227738 [info]: User-Agent: Mozilla/5.0 (Windows NT 10.0; Win64; x64) AppleWebKit/537.36 (KHTML, like Gecko) Chrome/80.0.3987.163 Safari/537.36
2020-04-20 20:08:03.227747 [info]: oop!unknow header: User-Agent: Mozilla/5.0 (Windows NT 10.0; Win64; x64) AppleWebKit/537.36 (KHTML, like Gecko) Chrome/80.0.3987.163 Safari/537.36
2020-04-20 20:08:03.227754 [info]: Accept: text/html,application/xhtml+xml,application/xml;q=0.9,image/webp,image/apng,*/*;q=0.8,application/signed-exchange;v=b3;q=0.9
2020-04-20 20:08:03.227779 [info]: oop!unknow header: Accept: text/html,application/xhtml+xml,application/xml;q=0.9,image/webp,image/apng,*/*;q=0.8,application/signed-exchange;v=b3;q=0.9
2020-04-20 20:08:03.227787 [info]: Accept-Encoding: gzip, deflate
2020-04-20 20:08:03.227794 [info]: oop!unknow header: Accept-Encoding: gzip, deflate
2020-04-20 20:08:03.227800 [info]: Accept-Language: zh-CN,zh;q=0.9
2020-04-20 20:08:03.227806 [info]: oop!unknow header: Accept-Language: zh-CN,zh;q=0.9
2020-04-20 20:08:03.227812 [info]: 
2020-04-20 20:08:03.227847 [info]: request:HTTP/1.1 200 OK

2020-04-20 20:08:03.227856 [info]: request:HTTP/1.1 200 OK
Content-Length:586

2020-04-20 20:08:03.227862 [info]: request:HTTP/1.1 200 OK
Content-Length:586
Connection:keep-alive

2020-04-20 20:08:03.227868 [info]: request:HTTP/1.1 200 OK
Content-Length:586
Connection:keep-alive


2020-04-20 20:08:03.227883 [info]: adjust timer once
2020-04-20 20:08:03.227941 [info]: send data to the client(171.88.178.105)
2020-04-20 20:08:03.227956 [info]: adjust timer once
2020-04-20 20:08:04.548856 [info]: timer tick
2020-04-20 20:08:04.891257 [info]: close fd 16
